{"/Volumes/D/dev/tfjs-stellar/src/kv_cache.ts": {"path":"/Volumes/D/dev/tfjs-stellar/src/kv_cache.ts","statementMap":{"0":{"start":{"line":13,"column":0},"end":{"line":13,"column":16}},"1":{"start":{"line":18,"column":0},"end":{"line":18,"column":16}},"2":{"start":{"line":1,"column":0},"end":{"line":1,"column":39}},"3":{"start":{"line":14,"column":4},"end":{"line":14,"column":51}},"4":{"start":{"line":19,"column":4},"end":{"line":19,"column":29}},"5":{"start":{"line":27,"column":23},"end":{"line":27,"column":49}},"6":{"start":{"line":32,"column":8},"end":{"line":34,"column":9}},"7":{"start":{"line":33,"column":12},"end":{"line":33,"column":143}},"8":{"start":{"line":36,"column":8},"end":{"line":36,"column":53}},"9":{"start":{"line":41,"column":26},"end":{"line":44,"column":10}},"10":{"start":{"line":46,"column":8},"end":{"line":46,"column":39}},"11":{"start":{"line":54,"column":25},"end":{"line":54,"column":44}},"12":{"start":{"line":56,"column":8},"end":{"line":58,"column":9}},"13":{"start":{"line":57,"column":12},"end":{"line":57,"column":29}},"14":{"start":{"line":60,"column":41},"end":{"line":60,"column":68}},"15":{"start":{"line":65,"column":8},"end":{"line":77,"column":null}},"16":{"start":{"line":66,"column":28},"end":{"line":68,"column":89}},"17":{"start":{"line":69,"column":28},"end":{"line":71,"column":95}},"18":{"start":{"line":73,"column":12},"end":{"line":76,"column":null}},"19":{"start":{"line":82,"column":8},"end":{"line":84,"column":null}},"20":{"start":{"line":83,"column":12},"end":{"line":83,"column":26}},"21":{"start":{"line":89,"column":8},"end":{"line":91,"column":null}},"22":{"start":{"line":90,"column":12},"end":{"line":90,"column":28}},"23":{"start":{"line":97,"column":8},"end":{"line":97,"column":65}},"24":{"start":{"line":102,"column":8},"end":{"line":102,"column":40}},"25":{"start":{"line":26,"column":0},"end":{"line":26,"column":13}},"26":{"start":{"line":113,"column":41},"end":{"line":113,"column":42}},"27":{"start":{"line":121,"column":28},"end":{"line":121,"column":113}},"28":{"start":{"line":123,"column":8},"end":{"line":123,"column":74}},"29":{"start":{"line":124,"column":8},"end":{"line":124,"column":76}},"30":{"start":{"line":126,"column":8},"end":{"line":126,"column":36}},"31":{"start":{"line":127,"column":8},"end":{"line":127,"column":53}},"32":{"start":{"line":128,"column":8},"end":{"line":128,"column":37}},"33":{"start":{"line":129,"column":8},"end":{"line":129,"column":32}},"34":{"start":{"line":137,"column":27},"end":{"line":137,"column":39}},"35":{"start":{"line":138,"column":24},"end":{"line":138,"column":36}},"36":{"start":{"line":140,"column":8},"end":{"line":143,"column":9}},"37":{"start":{"line":141,"column":12},"end":{"line":142,"column":null}},"38":{"start":{"line":145,"column":8},"end":{"line":147,"column":9}},"39":{"start":{"line":146,"column":12},"end":{"line":146,"column":133}},"40":{"start":{"line":149,"column":30},"end":{"line":149,"column":70}},"41":{"start":{"line":150,"column":32},"end":{"line":150,"column":76}},"42":{"start":{"line":152,"column":8},"end":{"line":152,"column":45}},"43":{"start":{"line":153,"column":8},"end":{"line":153,"column":49}},"44":{"start":{"line":155,"column":8},"end":{"line":155,"column":32}},"45":{"start":{"line":156,"column":8},"end":{"line":156,"column":34}},"46":{"start":{"line":159,"column":8},"end":{"line":159,"column":41}},"47":{"start":{"line":161,"column":8},"end":{"line":164,"column":null}},"48":{"start":{"line":169,"column":24},"end":{"line":169,"column":42}},"49":{"start":{"line":171,"column":8},"end":{"line":185,"column":null}},"50":{"start":{"line":173,"column":31},"end":{"line":175,"column":91}},"51":{"start":{"line":177,"column":27},"end":{"line":179,"column":128}},"52":{"start":{"line":184,"column":12},"end":{"line":184,"column":65}},"53":{"start":{"line":190,"column":8},"end":{"line":190,"column":34}},"54":{"start":{"line":192,"column":8},"end":{"line":198,"column":11}},"55":{"start":{"line":193,"column":36},"end":{"line":193,"column":56}},"56":{"start":{"line":194,"column":38},"end":{"line":194,"column":60}},"57":{"start":{"line":196,"column":12},"end":{"line":196,"column":61}},"58":{"start":{"line":197,"column":12},"end":{"line":197,"column":65}},"59":{"start":{"line":203,"column":8},"end":{"line":203,"column":33}},"60":{"start":{"line":204,"column":8},"end":{"line":204,"column":35}},"61":{"start":{"line":212,"column":8},"end":{"line":212,"column":37}},"62":{"start":{"line":107,"column":0},"end":{"line":107,"column":13}}},"fnMap":{"0":{"name":"kvCacheContainer","decl":{"start":{"line":13,"column":16},"end":{"line":13,"column":32}},"loc":{"start":{"line":13,"column":58},"end":{"line":15,"column":1}}},"1":{"name":"kvCache","decl":{"start":{"line":18,"column":16},"end":{"line":18,"column":23}},"loc":{"start":{"line":18,"column":41},"end":{"line":20,"column":1}}},"2":{"name":"(anonymous_11)","decl":{"start":{"line":31,"column":4},"end":{"line":31,"column":16}},"loc":{"start":{"line":31,"column":41},"end":{"line":37,"column":5}}},"3":{"name":"(anonymous_12)","decl":{"start":{"line":40,"column":11},"end":{"line":40,"column":17}},"loc":{"start":{"line":40,"column":74},"end":{"line":47,"column":5}}},"4":{"name":"(anonymous_13)","decl":{"start":{"line":53,"column":11},"end":{"line":53,"column":17}},"loc":{"start":{"line":53,"column":66},"end":{"line":78,"column":5}}},"5":{"name":"(anonymous_14)","decl":{"start":{"line":65,"column":23},"end":{"line":65,"column":26}},"loc":{"start":{"line":65,"column":28},"end":{"line":77,"column":9}}},"6":{"name":"(anonymous_15)","decl":{"start":{"line":81,"column":11},"end":{"line":81,"column":16}},"loc":{"start":{"line":81,"column":16},"end":{"line":85,"column":5}}},"7":{"name":"(anonymous_16)","decl":{"start":{"line":82,"column":28},"end":{"line":82,"column":33}},"loc":{"start":{"line":82,"column":36},"end":{"line":84,"column":9}}},"8":{"name":"(anonymous_17)","decl":{"start":{"line":88,"column":11},"end":{"line":88,"column":18}},"loc":{"start":{"line":88,"column":18},"end":{"line":92,"column":5}}},"9":{"name":"(anonymous_18)","decl":{"start":{"line":89,"column":28},"end":{"line":89,"column":33}},"loc":{"start":{"line":89,"column":36},"end":{"line":91,"column":9}}},"10":{"name":"(anonymous_19)","decl":{"start":{"line":95,"column":4},"end":{"line":95,"column":15}},"loc":{"start":{"line":95,"column":19},"end":{"line":98,"column":5}}},"11":{"name":"(anonymous_20)","decl":{"start":{"line":101,"column":4},"end":{"line":101,"column":15}},"loc":{"start":{"line":101,"column":32},"end":{"line":103,"column":5}}},"12":{"name":"(anonymous_21)","decl":{"start":{"line":120,"column":4},"end":{"line":120,"column":16}},"loc":{"start":{"line":120,"column":99},"end":{"line":130,"column":5}}},"13":{"name":"(anonymous_22)","decl":{"start":{"line":136,"column":11},"end":{"line":136,"column":17}},"loc":{"start":{"line":136,"column":54},"end":{"line":165,"column":5}}},"14":{"name":"(anonymous_23)","decl":{"start":{"line":168,"column":14},"end":{"line":168,"column":28}},"loc":{"start":{"line":168,"column":79},"end":{"line":186,"column":5}}},"15":{"name":"(anonymous_24)","decl":{"start":{"line":171,"column":23},"end":{"line":171,"column":26}},"loc":{"start":{"line":171,"column":28},"end":{"line":185,"column":9}}},"16":{"name":"(anonymous_25)","decl":{"start":{"line":189,"column":11},"end":{"line":189,"column":16}},"loc":{"start":{"line":189,"column":16},"end":{"line":199,"column":5}}},"17":{"name":"(anonymous_26)","decl":{"start":{"line":192,"column":16},"end":{"line":192,"column":19}},"loc":{"start":{"line":192,"column":21},"end":{"line":198,"column":9}}},"18":{"name":"(anonymous_27)","decl":{"start":{"line":202,"column":11},"end":{"line":202,"column":18}},"loc":{"start":{"line":202,"column":18},"end":{"line":205,"column":5}}},"19":{"name":"(anonymous_28)","decl":{"start":{"line":211,"column":4},"end":{"line":211,"column":8}},"loc":{"start":{"line":211,"column":12},"end":{"line":213,"column":5}}}},"branchMap":{"0":{"loc":{"start":{"line":32,"column":8},"end":{"line":34,"column":9}},"type":"if","locations":[{"start":{"line":32,"column":8},"end":{"line":34,"column":9}},{"start":{},"end":{}}]},"1":{"loc":{"start":{"line":56,"column":8},"end":{"line":58,"column":9}},"type":"if","locations":[{"start":{"line":56,"column":8},"end":{"line":58,"column":9}},{"start":{},"end":{}}]},"2":{"loc":{"start":{"line":97,"column":15},"end":{"line":97,"column":64}},"type":"binary-expr","locations":[{"start":{"line":97,"column":15},"end":{"line":97,"column":59}},{"start":{"line":97,"column":63},"end":{"line":97,"column":64}}]},"3":{"loc":{"start":{"line":120,"column":67},"end":{"line":120,"column":84}},"type":"default-arg","locations":[{"start":{"line":120,"column":75},"end":{"line":120,"column":84}}]},"4":{"loc":{"start":{"line":140,"column":8},"end":{"line":143,"column":9}},"type":"if","locations":[{"start":{"line":140,"column":8},"end":{"line":143,"column":9}},{"start":{},"end":{}}]},"5":{"loc":{"start":{"line":145,"column":8},"end":{"line":147,"column":9}},"type":"if","locations":[{"start":{"line":145,"column":8},"end":{"line":147,"column":9}},{"start":{},"end":{}}]}},"s":{"0":1,"1":1,"2":1,"3":0,"4":0,"5":5,"6":5,"7":0,"8":5,"9":10,"10":10,"11":67,"12":67,"13":10,"14":57,"15":56,"16":56,"17":56,"18":56,"19":0,"20":0,"21":0,"22":0,"23":8,"24":0,"25":1,"26":10,"27":10,"28":10,"29":10,"30":10,"31":10,"32":10,"33":10,"34":57,"35":57,"36":57,"37":0,"38":57,"39":1,"40":56,"41":56,"42":56,"43":56,"44":56,"45":56,"46":56,"47":56,"48":112,"49":112,"50":112,"51":112,"52":112,"53":0,"54":0,"55":0,"56":0,"57":0,"58":0,"59":0,"60":0,"61":120,"62":1},"f":{"0":0,"1":0,"2":5,"3":10,"4":67,"5":56,"6":0,"7":0,"8":0,"9":0,"10":8,"11":0,"12":10,"13":57,"14":112,"15":112,"16":0,"17":0,"18":0,"19":120},"b":{"0":[0,5],"1":[10,57],"2":[8,0],"3":[10],"4":[0,57],"5":[1,56]}}
,"/Volumes/D/dev/tfjs-stellar/src/masks.ts": {"path":"/Volumes/D/dev/tfjs-stellar/src/masks.ts","statementMap":{"0":{"start":{"line":9,"column":0},"end":{"line":9,"column":16}},"1":{"start":{"line":27,"column":0},"end":{"line":27,"column":16}},"2":{"start":{"line":1,"column":0},"end":{"line":1,"column":39}},"3":{"start":{"line":10,"column":4},"end":{"line":12,"column":18}},"4":{"start":{"line":30,"column":4},"end":{"line":40,"column":null}},"5":{"start":{"line":32,"column":27},"end":{"line":32,"column":59}},"6":{"start":{"line":34,"column":8},"end":{"line":39,"column":27}}},"fnMap":{"0":{"name":"causal","decl":{"start":{"line":9,"column":16},"end":{"line":9,"column":22}},"loc":{"start":{"line":9,"column":71},"end":{"line":13,"column":1}}},"1":{"name":"packing","decl":{"start":{"line":27,"column":16},"end":{"line":27,"column":23}},"loc":{"start":{"line":27,"column":46},"end":{"line":41,"column":1}}},"2":{"name":"(anonymous_11)","decl":{"start":{"line":30,"column":19},"end":{"line":30,"column":22}},"loc":{"start":{"line":30,"column":24},"end":{"line":40,"column":5}}}},"branchMap":{},"s":{"0":6,"1":6,"2":6,"3":27,"4":2,"5":2,"6":2},"f":{"0":27,"1":2,"2":2},"b":{}}
,"/Volumes/D/dev/tfjs-stellar/src/utils.ts": {"path":"/Volumes/D/dev/tfjs-stellar/src/utils.ts","statementMap":{"0":{"start":{"line":12,"column":0},"end":{"line":12,"column":16}},"1":{"start":{"line":37,"column":0},"end":{"line":37,"column":16}},"2":{"start":{"line":68,"column":0},"end":{"line":68,"column":16}},"3":{"start":{"line":13,"column":36},"end":{"line":13,"column":75}},"4":{"start":{"line":14,"column":42},"end":{"line":14,"column":54}},"5":{"start":{"line":25,"column":25},"end":{"line":25,"column":87}},"6":{"start":{"line":26,"column":4},"end":{"line":26,"column":89}},"7":{"start":{"line":41,"column":36},"end":{"line":41,"column":47}},"8":{"start":{"line":42,"column":29},"end":{"line":42,"column":41}},"9":{"start":{"line":44,"column":4},"end":{"line":47,"column":5}},"10":{"start":{"line":45,"column":8},"end":{"line":46,"column":96}},"11":{"start":{"line":51,"column":4},"end":{"line":56,"column":null}},"12":{"start":{"line":69,"column":22},"end":{"line":69,"column":40}},"13":{"start":{"line":71,"column":28},"end":{"line":71,"column":39}},"14":{"start":{"line":73,"column":4},"end":{"line":76,"column":null}}},"fnMap":{"0":{"name":"getScaleShape","decl":{"start":{"line":12,"column":16},"end":{"line":12,"column":29}},"loc":{"start":{"line":12,"column":83},"end":{"line":27,"column":1}}},"1":{"name":"getRandomCropStart","decl":{"start":{"line":37,"column":16},"end":{"line":37,"column":34}},"loc":{"start":{"line":39,"column":49},"end":{"line":57,"column":1}}},"2":{"name":"getPaddingForSegmentation","decl":{"start":{"line":68,"column":16},"end":{"line":68,"column":41}},"loc":{"start":{"line":68,"column":75},"end":{"line":77,"column":1}}}},"branchMap":{"0":{"loc":{"start":{"line":44,"column":4},"end":{"line":47,"column":5}},"type":"if","locations":[{"start":{"line":44,"column":4},"end":{"line":47,"column":5}},{"start":{},"end":{}}]},"1":{"loc":{"start":{"line":44,"column":8},"end":{"line":44,"column":49}},"type":"binary-expr","locations":[{"start":{"line":44,"column":8},"end":{"line":44,"column":27}},{"start":{"line":44,"column":31},"end":{"line":44,"column":49}}]}},"s":{"0":1,"1":1,"2":1,"3":9,"4":9,"5":9,"6":9,"7":202,"8":202,"9":202,"10":1,"11":201,"12":0,"13":0,"14":0},"f":{"0":9,"1":202,"2":0},"b":{"0":[1,201],"1":[202,201]}}
,"/Volumes/D/dev/tfjs-stellar/src/layers/cached_rope_multihead_attention.ts": {"path":"/Volumes/D/dev/tfjs-stellar/src/layers/cached_rope_multihead_attention.ts","statementMap":{"0":{"start":{"line":1,"column":0},"end":{"line":1,"column":39}},"1":{"start":{"line":3,"column":0},"end":{"line":3,"column":96}},"2":{"start":{"line":4,"column":0},"end":{"line":4,"column":78}},"3":{"start":{"line":17,"column":23},"end":{"line":17,"column":53}},"4":{"start":{"line":22,"column":8},"end":{"line":22,"column":20}},"5":{"start":{"line":23,"column":8},"end":{"line":23,"column":100}},"6":{"start":{"line":35,"column":8},"end":{"line":68,"column":null}},"7":{"start":{"line":36,"column":42},"end":{"line":36,"column":105}},"8":{"start":{"line":39,"column":42},"end":{"line":39,"column":54}},"9":{"start":{"line":41,"column":26},"end":{"line":41,"column":83}},"10":{"start":{"line":43,"column":32},"end":{"line":43,"column":49}},"11":{"start":{"line":44,"column":28},"end":{"line":44,"column":43}},"12":{"start":{"line":45,"column":30},"end":{"line":45,"column":47}},"13":{"start":{"line":47,"column":12},"end":{"line":54,"column":13}},"14":{"start":{"line":49,"column":34},"end":{"line":50,"column":79}},"15":{"start":{"line":52,"column":16},"end":{"line":52,"column":47}},"16":{"start":{"line":53,"column":16},"end":{"line":53,"column":51}},"17":{"start":{"line":57,"column":25},"end":{"line":60,"column":50}},"18":{"start":{"line":63,"column":27},"end":{"line":65,"column":82}},"19":{"start":{"line":67,"column":12},"end":{"line":67,"column":39}},"20":{"start":{"line":73,"column":8},"end":{"line":89,"column":9}},"21":{"start":{"line":74,"column":27},"end":{"line":74,"column":81}},"22":{"start":{"line":76,"column":12},"end":{"line":84,"column":13}},"23":{"start":{"line":77,"column":16},"end":{"line":81,"column":null}},"24":{"start":{"line":83,"column":16},"end":{"line":83,"column":83}},"25":{"start":{"line":86,"column":12},"end":{"line":86,"column":29}},"26":{"start":{"line":88,"column":12},"end":{"line":88,"column":96}},"27":{"start":{"line":97,"column":27},"end":{"line":97,"column":41}},"28":{"start":{"line":98,"column":28},"end":{"line":98,"column":90}},"29":{"start":{"line":100,"column":8},"end":{"line":108,"column":null}},"30":{"start":{"line":101,"column":12},"end":{"line":107,"column":null}},"31":{"start":{"line":16,"column":0},"end":{"line":16,"column":13}},"32":{"start":{"line":113,"column":0},"end":{"line":113,"column":61}}},"fnMap":{"0":{"name":"(anonymous_9)","decl":{"start":{"line":21,"column":4},"end":{"line":21,"column":16}},"loc":{"start":{"line":21,"column":44},"end":{"line":24,"column":5}}},"1":{"name":"(anonymous_10)","decl":{"start":{"line":27,"column":23},"end":{"line":27,"column":30}},"loc":{"start":{"line":33,"column":22},"end":{"line":69,"column":5}}},"2":{"name":"(anonymous_11)","decl":{"start":{"line":35,"column":23},"end":{"line":35,"column":26}},"loc":{"start":{"line":35,"column":28},"end":{"line":68,"column":9}}},"3":{"name":"(anonymous_12)","decl":{"start":{"line":72,"column":14},"end":{"line":72,"column":25}},"loc":{"start":{"line":72,"column":106},"end":{"line":90,"column":5}}},"4":{"name":"(anonymous_13)","decl":{"start":{"line":96,"column":23},"end":{"line":96,"column":33}},"loc":{"start":{"line":96,"column":103},"end":{"line":109,"column":5}}},"5":{"name":"(anonymous_14)","decl":{"start":{"line":100,"column":23},"end":{"line":100,"column":26}},"loc":{"start":{"line":100,"column":28},"end":{"line":108,"column":9}}}},"branchMap":{"0":{"loc":{"start":{"line":47,"column":12},"end":{"line":54,"column":13}},"type":"if","locations":[{"start":{"line":47,"column":12},"end":{"line":54,"column":13}},{"start":{},"end":{}}]},"1":{"loc":{"start":{"line":47,"column":16},"end":{"line":47,"column":58}},"type":"binary-expr","locations":[{"start":{"line":47,"column":16},"end":{"line":47,"column":40}},{"start":{"line":47,"column":44},"end":{"line":47,"column":58}}]},"2":{"loc":{"start":{"line":59,"column":16},"end":{"line":59,"column":44}},"type":"binary-expr","locations":[{"start":{"line":59,"column":16},"end":{"line":59,"column":36}},{"start":{"line":59,"column":40},"end":{"line":59,"column":44}}]},"3":{"loc":{"start":{"line":76,"column":12},"end":{"line":84,"column":13}},"type":"if","locations":[{"start":{"line":76,"column":12},"end":{"line":84,"column":13}},{"start":{},"end":{}}]}},"s":{"0":4,"1":4,"2":4,"3":4,"4":40,"5":38,"6":90,"7":90,"8":90,"9":90,"10":90,"11":90,"12":90,"13":90,"14":57,"15":56,"16":56,"17":89,"18":88,"19":88,"20":57,"21":57,"22":56,"23":10,"24":10,"25":56,"26":1,"27":90,"28":90,"29":90,"30":90,"31":4,"32":4},"f":{"0":40,"1":90,"2":90,"3":57,"4":90,"5":90},"b":{"0":[57,33],"1":[90,89],"2":[89,89],"3":[10,46]}}
,"/Volumes/D/dev/tfjs-stellar/src/layers/gpt_decoder_block.ts": {"path":"/Volumes/D/dev/tfjs-stellar/src/layers/gpt_decoder_block.ts","statementMap":{"0":{"start":{"line":1,"column":0},"end":{"line":1,"column":39}},"1":{"start":{"line":5,"column":0},"end":{"line":5,"column":96}},"2":{"start":{"line":26,"column":23},"end":{"line":26,"column":41}},"3":{"start":{"line":30,"column":8},"end":{"line":30,"column":20}},"4":{"start":{"line":39,"column":8},"end":{"line":48,"column":11}},"5":{"start":{"line":40,"column":29},"end":{"line":40,"column":30}},"6":{"start":{"line":42,"column":28},"end":{"line":42,"column":86}},"7":{"start":{"line":43,"column":12},"end":{"line":43,"column":87}},"8":{"start":{"line":44,"column":12},"end":{"line":44,"column":94}},"9":{"start":{"line":45,"column":12},"end":{"line":45,"column":52}},"10":{"start":{"line":47,"column":12},"end":{"line":47,"column":29}},"11":{"start":{"line":57,"column":8},"end":{"line":67,"column":11}},"12":{"start":{"line":58,"column":29},"end":{"line":58,"column":30}},"13":{"start":{"line":60,"column":30},"end":{"line":60,"column":66}},"14":{"start":{"line":61,"column":12},"end":{"line":61,"column":71}},"15":{"start":{"line":62,"column":12},"end":{"line":62,"column":71}},"16":{"start":{"line":63,"column":12},"end":{"line":63,"column":90}},"17":{"start":{"line":64,"column":12},"end":{"line":64,"column":56}},"18":{"start":{"line":66,"column":12},"end":{"line":66,"column":31}},"19":{"start":{"line":25,"column":0},"end":{"line":25,"column":13}},"20":{"start":{"line":77,"column":0},"end":{"line":77,"column":49}}},"fnMap":{"0":{"name":"(anonymous_9)","decl":{"start":{"line":29,"column":4},"end":{"line":29,"column":16}},"loc":{"start":{"line":29,"column":44},"end":{"line":31,"column":5}}},"1":{"name":"(anonymous_10)","decl":{"start":{"line":38,"column":23},"end":{"line":38,"column":47}},"loc":{"start":{"line":38,"column":76},"end":{"line":49,"column":5}}},"2":{"name":"(anonymous_11)","decl":{"start":{"line":39,"column":23},"end":{"line":39,"column":26}},"loc":{"start":{"line":39,"column":28},"end":{"line":48,"column":9}}},"3":{"name":"(anonymous_12)","decl":{"start":{"line":56,"column":23},"end":{"line":56,"column":39}},"loc":{"start":{"line":56,"column":68},"end":{"line":68,"column":5}}},"4":{"name":"(anonymous_13)","decl":{"start":{"line":57,"column":23},"end":{"line":57,"column":26}},"loc":{"start":{"line":57,"column":28},"end":{"line":67,"column":9}}}},"branchMap":{},"s":{"0":1,"1":1,"2":1,"3":1,"4":1,"5":1,"6":1,"7":1,"8":1,"9":1,"10":1,"11":1,"12":1,"13":1,"14":1,"15":1,"16":1,"17":1,"18":1,"19":1,"20":1},"f":{"0":1,"1":1,"2":1,"3":1,"4":1},"b":{}}
,"/Volumes/D/dev/tfjs-stellar/src/layers/multihead_attention.ts": {"path":"/Volumes/D/dev/tfjs-stellar/src/layers/multihead_attention.ts","statementMap":{"0":{"start":{"line":1,"column":0},"end":{"line":1,"column":39}},"1":{"start":{"line":4,"column":0},"end":{"line":4,"column":56}},"2":{"start":{"line":52,"column":23},"end":{"line":52,"column":43}},"3":{"start":{"line":68,"column":8},"end":{"line":68,"column":20}},"4":{"start":{"line":70,"column":8},"end":{"line":72,"column":9}},"5":{"start":{"line":71,"column":12},"end":{"line":71,"column":142}},"6":{"start":{"line":74,"column":8},"end":{"line":74,"column":33}},"7":{"start":{"line":75,"column":8},"end":{"line":75,"column":33}},"8":{"start":{"line":76,"column":8},"end":{"line":76,"column":31}},"9":{"start":{"line":77,"column":8},"end":{"line":77,"column":31}},"10":{"start":{"line":78,"column":8},"end":{"line":78,"column":29}},"11":{"start":{"line":80,"column":8},"end":{"line":82,"column":9}},"12":{"start":{"line":81,"column":12},"end":{"line":81,"column":93}},"13":{"start":{"line":86,"column":8},"end":{"line":86,"column":77}},"14":{"start":{"line":87,"column":8},"end":{"line":87,"column":75}},"15":{"start":{"line":88,"column":8},"end":{"line":88,"column":77}},"16":{"start":{"line":89,"column":8},"end":{"line":89,"column":78}},"17":{"start":{"line":107,"column":8},"end":{"line":109,"column":9}},"18":{"start":{"line":108,"column":12},"end":{"line":108,"column":30}},"19":{"start":{"line":112,"column":8},"end":{"line":114,"column":9}},"20":{"start":{"line":113,"column":12},"end":{"line":113,"column":144}},"21":{"start":{"line":116,"column":8},"end":{"line":120,"column":9}},"22":{"start":{"line":117,"column":12},"end":{"line":119,"column":13}},"23":{"start":{"line":118,"column":16},"end":{"line":118,"column":158}},"24":{"start":{"line":122,"column":36},"end":{"line":122,"column":42}},"25":{"start":{"line":123,"column":28},"end":{"line":123,"column":54}},"26":{"start":{"line":124,"column":27},"end":{"line":124,"column":52}},"27":{"start":{"line":126,"column":8},"end":{"line":130,"column":84}},"28":{"start":{"line":149,"column":8},"end":{"line":170,"column":null}},"29":{"start":{"line":150,"column":42},"end":{"line":150,"column":105}},"30":{"start":{"line":153,"column":42},"end":{"line":153,"column":54}},"31":{"start":{"line":157,"column":16},"end":{"line":157,"column":73}},"32":{"start":{"line":160,"column":25},"end":{"line":163,"column":50}},"33":{"start":{"line":166,"column":27},"end":{"line":167,"column":105}},"34":{"start":{"line":169,"column":12},"end":{"line":169,"column":39}},"35":{"start":{"line":178,"column":8},"end":{"line":184,"column":null}},"36":{"start":{"line":179,"column":12},"end":{"line":183,"column":null}},"37":{"start":{"line":192,"column":27},"end":{"line":192,"column":41}},"38":{"start":{"line":193,"column":28},"end":{"line":193,"column":90}},"39":{"start":{"line":195,"column":8},"end":{"line":201,"column":null}},"40":{"start":{"line":196,"column":12},"end":{"line":200,"column":null}},"41":{"start":{"line":227,"column":8},"end":{"line":296,"column":11}},"42":{"start":{"line":228,"column":57},"end":{"line":228,"column":63}},"43":{"start":{"line":230,"column":12},"end":{"line":236,"column":null}},"44":{"start":{"line":231,"column":16},"end":{"line":235,"column":17}},"45":{"start":{"line":232,"column":20},"end":{"line":234,"column":67}},"46":{"start":{"line":241,"column":38},"end":{"line":243,"column":49}},"47":{"start":{"line":245,"column":23},"end":{"line":245,"column":50}},"48":{"start":{"line":247,"column":12},"end":{"line":259,"column":13}},"49":{"start":{"line":248,"column":16},"end":{"line":250,"column":17}},"50":{"start":{"line":249,"column":20},"end":{"line":249,"column":150}},"51":{"start":{"line":254,"column":16},"end":{"line":258,"column":17}},"52":{"start":{"line":255,"column":20},"end":{"line":255,"column":38}},"53":{"start":{"line":257,"column":20},"end":{"line":257,"column":90}},"54":{"start":{"line":261,"column":12},"end":{"line":271,"column":13}},"55":{"start":{"line":262,"column":16},"end":{"line":270,"column":17}},"56":{"start":{"line":265,"column":20},"end":{"line":265,"column":83}},"57":{"start":{"line":269,"column":20},"end":{"line":269,"column":41}},"58":{"start":{"line":279,"column":30},"end":{"line":282,"column":26}},"59":{"start":{"line":284,"column":12},"end":{"line":288,"column":13}},"60":{"start":{"line":287,"column":16},"end":{"line":287,"column":59}},"61":{"start":{"line":290,"column":25},"end":{"line":290,"column":48}},"62":{"start":{"line":292,"column":33},"end":{"line":292,"column":73}},"63":{"start":{"line":293,"column":30},"end":{"line":293,"column":56}},"64":{"start":{"line":295,"column":12},"end":{"line":295,"column":29}},"65":{"start":{"line":301,"column":38},"end":{"line":301,"column":40}},"66":{"start":{"line":303,"column":8},"end":{"line":307,"column":9}},"67":{"start":{"line":304,"column":12},"end":{"line":304,"column":51}},"68":{"start":{"line":306,"column":12},"end":{"line":306,"column":99}},"69":{"start":{"line":309,"column":8},"end":{"line":311,"column":9}},"70":{"start":{"line":310,"column":12},"end":{"line":310,"column":153}},"71":{"start":{"line":314,"column":8},"end":{"line":314,"column":51}},"72":{"start":{"line":315,"column":8},"end":{"line":315,"column":49}},"73":{"start":{"line":316,"column":8},"end":{"line":316,"column":51}},"74":{"start":{"line":317,"column":8},"end":{"line":317,"column":52}},"75":{"start":{"line":322,"column":8},"end":{"line":327,"column":10}},"76":{"start":{"line":331,"column":23},"end":{"line":331,"column":24}},"77":{"start":{"line":333,"column":8},"end":{"line":338,"column":9}},"78":{"start":{"line":334,"column":32},"end":{"line":334,"column":68}},"79":{"start":{"line":335,"column":13},"end":{"line":335,"column":48}},"80":{"start":{"line":336,"column":13},"end":{"line":336,"column":56}},"81":{"start":{"line":337,"column":12},"end":{"line":337,"column":23}},"82":{"start":{"line":340,"column":8},"end":{"line":340,"column":32}},"83":{"start":{"line":348,"column":8},"end":{"line":348,"column":102}},"84":{"start":{"line":353,"column":28},"end":{"line":353,"column":45}},"85":{"start":{"line":355,"column":23},"end":{"line":362,"column":null}},"86":{"start":{"line":364,"column":8},"end":{"line":364,"column":43}},"87":{"start":{"line":366,"column":8},"end":{"line":366,"column":22}},"88":{"start":{"line":51,"column":0},"end":{"line":51,"column":13}},"89":{"start":{"line":371,"column":0},"end":{"line":371,"column":51}}},"fnMap":{"0":{"name":"(anonymous_9)","decl":{"start":{"line":67,"column":4},"end":{"line":67,"column":16}},"loc":{"start":{"line":67,"column":118},"end":{"line":90,"column":5}}},"1":{"name":"(anonymous_10)","decl":{"start":{"line":99,"column":13},"end":{"line":99,"column":17}},"loc":{"start":{"line":104,"column":9},"end":{"line":131,"column":5}}},"2":{"name":"(anonymous_11)","decl":{"start":{"line":137,"column":14},"end":{"line":137,"column":21}},"loc":{"start":{"line":143,"column":22},"end":{"line":171,"column":5}}},"3":{"name":"(anonymous_12)","decl":{"start":{"line":149,"column":23},"end":{"line":149,"column":26}},"loc":{"start":{"line":149,"column":28},"end":{"line":170,"column":9}}},"4":{"name":"(anonymous_13)","decl":{"start":{"line":174,"column":14},"end":{"line":174,"column":35}},"loc":{"start":{"line":174,"column":104},"end":{"line":185,"column":5}}},"5":{"name":"(anonymous_14)","decl":{"start":{"line":178,"column":23},"end":{"line":178,"column":26}},"loc":{"start":{"line":178,"column":28},"end":{"line":184,"column":9}}},"6":{"name":"(anonymous_15)","decl":{"start":{"line":188,"column":14},"end":{"line":188,"column":24}},"loc":{"start":{"line":188,"column":94},"end":{"line":202,"column":5}}},"7":{"name":"(anonymous_16)","decl":{"start":{"line":195,"column":23},"end":{"line":195,"column":26}},"loc":{"start":{"line":195,"column":28},"end":{"line":201,"column":9}}},"8":{"name":"(anonymous_17)","decl":{"start":{"line":216,"column":4},"end":{"line":216,"column":10}},"loc":{"start":{"line":225,"column":55},"end":{"line":297,"column":5}}},"9":{"name":"(anonymous_18)","decl":{"start":{"line":227,"column":23},"end":{"line":227,"column":26}},"loc":{"start":{"line":227,"column":28},"end":{"line":296,"column":9}}},"10":{"name":"(anonymous_19)","decl":{"start":{"line":230,"column":30},"end":{"line":230,"column":31}},"loc":{"start":{"line":230,"column":45},"end":{"line":236,"column":13}}},"11":{"name":"(anonymous_20)","decl":{"start":{"line":300,"column":13},"end":{"line":300,"column":18}},"loc":{"start":{"line":300,"column":52},"end":{"line":341,"column":5}}},"12":{"name":"(anonymous_21)","decl":{"start":{"line":347,"column":13},"end":{"line":347,"column":31}},"loc":{"start":{"line":347,"column":65},"end":{"line":349,"column":5}}},"13":{"name":"(anonymous_22)","decl":{"start":{"line":352,"column":13},"end":{"line":352,"column":22}},"loc":{"start":{"line":352,"column":22},"end":{"line":367,"column":5}}}},"branchMap":{"0":{"loc":{"start":{"line":67,"column":38},"end":{"line":67,"column":52}},"type":"default-arg","locations":[{"start":{"line":67,"column":48},"end":{"line":67,"column":52}}]},"1":{"loc":{"start":{"line":67,"column":54},"end":{"line":67,"column":67}},"type":"default-arg","locations":[{"start":{"line":67,"column":64},"end":{"line":67,"column":67}}]},"2":{"loc":{"start":{"line":67,"column":69},"end":{"line":67,"column":83}},"type":"default-arg","locations":[{"start":{"line":67,"column":78},"end":{"line":67,"column":83}}]},"3":{"loc":{"start":{"line":70,"column":8},"end":{"line":72,"column":9}},"type":"if","locations":[{"start":{"line":70,"column":8},"end":{"line":72,"column":9}},{"start":{},"end":{}}]},"4":{"loc":{"start":{"line":80,"column":8},"end":{"line":82,"column":9}},"type":"if","locations":[{"start":{"line":80,"column":8},"end":{"line":82,"column":9}},{"start":{},"end":{}}]},"5":{"loc":{"start":{"line":107,"column":8},"end":{"line":109,"column":9}},"type":"if","locations":[{"start":{"line":107,"column":8},"end":{"line":109,"column":9}},{"start":{},"end":{}}]},"6":{"loc":{"start":{"line":112,"column":8},"end":{"line":114,"column":9}},"type":"if","locations":[{"start":{"line":112,"column":8},"end":{"line":114,"column":9}},{"start":{},"end":{}}]},"7":{"loc":{"start":{"line":112,"column":12},"end":{"line":112,"column":52}},"type":"binary-expr","locations":[{"start":{"line":112,"column":12},"end":{"line":112,"column":30}},{"start":{"line":112,"column":34},"end":{"line":112,"column":52}}]},"8":{"loc":{"start":{"line":117,"column":12},"end":{"line":119,"column":13}},"type":"if","locations":[{"start":{"line":117,"column":12},"end":{"line":119,"column":13}},{"start":{},"end":{}}]},"9":{"loc":{"start":{"line":123,"column":28},"end":{"line":123,"column":54}},"type":"binary-expr","locations":[{"start":{"line":123,"column":28},"end":{"line":123,"column":46}},{"start":{"line":123,"column":50},"end":{"line":123,"column":54}}]},"10":{"loc":{"start":{"line":124,"column":27},"end":{"line":124,"column":52}},"type":"binary-expr","locations":[{"start":{"line":124,"column":27},"end":{"line":124,"column":44}},{"start":{"line":124,"column":48},"end":{"line":124,"column":52}}]},"11":{"loc":{"start":{"line":126,"column":15},"end":{"line":130,"column":83}},"type":"cond-expr","locations":[{"start":{"line":128,"column":14},"end":{"line":128,"column":81}},{"start":{"line":130,"column":14},"end":{"line":130,"column":83}}]},"12":{"loc":{"start":{"line":162,"column":16},"end":{"line":162,"column":44}},"type":"binary-expr","locations":[{"start":{"line":162,"column":16},"end":{"line":162,"column":36}},{"start":{"line":162,"column":40},"end":{"line":162,"column":44}}]},"13":{"loc":{"start":{"line":225,"column":8},"end":{"line":225,"column":55}},"type":"default-arg","locations":[{"start":{"line":225,"column":53},"end":{"line":225,"column":55}}]},"14":{"loc":{"start":{"line":228,"column":20},"end":{"line":228,"column":36}},"type":"default-arg","locations":[{"start":{"line":228,"column":31},"end":{"line":228,"column":36}}]},"15":{"loc":{"start":{"line":231,"column":16},"end":{"line":235,"column":17}},"type":"if","locations":[{"start":{"line":231,"column":16},"end":{"line":235,"column":17}},{"start":{},"end":{}}]},"16":{"loc":{"start":{"line":247,"column":12},"end":{"line":259,"column":13}},"type":"if","locations":[{"start":{"line":247,"column":12},"end":{"line":259,"column":13}},{"start":{},"end":{}}]},"17":{"loc":{"start":{"line":247,"column":16},"end":{"line":247,"column":50}},"type":"binary-expr","locations":[{"start":{"line":247,"column":16},"end":{"line":247,"column":22}},{"start":{"line":247,"column":26},"end":{"line":247,"column":50}}]},"18":{"loc":{"start":{"line":248,"column":16},"end":{"line":250,"column":17}},"type":"if","locations":[{"start":{"line":248,"column":16},"end":{"line":250,"column":17}},{"start":{},"end":{}}]},"19":{"loc":{"start":{"line":248,"column":20},"end":{"line":248,"column":66}},"type":"binary-expr","locations":[{"start":{"line":248,"column":20},"end":{"line":248,"column":33}},{"start":{"line":248,"column":37},"end":{"line":248,"column":66}}]},"20":{"loc":{"start":{"line":254,"column":16},"end":{"line":258,"column":17}},"type":"if","locations":[{"start":{"line":254,"column":16},"end":{"line":258,"column":17}},{"start":{"line":256,"column":23},"end":{"line":258,"column":17}}]},"21":{"loc":{"start":{"line":261,"column":12},"end":{"line":271,"column":13}},"type":"if","locations":[{"start":{"line":261,"column":12},"end":{"line":271,"column":13}},{"start":{},"end":{}}]},"22":{"loc":{"start":{"line":262,"column":16},"end":{"line":270,"column":17}},"type":"if","locations":[{"start":{"line":262,"column":16},"end":{"line":270,"column":17}},{"start":{"line":266,"column":23},"end":{"line":270,"column":17}}]},"23":{"loc":{"start":{"line":281,"column":31},"end":{"line":281,"column":80}},"type":"binary-expr","locations":[{"start":{"line":281,"column":31},"end":{"line":281,"column":45}},{"start":{"line":281,"column":49},"end":{"line":281,"column":80}}]},"24":{"loc":{"start":{"line":284,"column":12},"end":{"line":288,"column":13}},"type":"if","locations":[{"start":{"line":284,"column":12},"end":{"line":288,"column":13}},{"start":{},"end":{}}]},"25":{"loc":{"start":{"line":292,"column":50},"end":{"line":292,"column":72}},"type":"cond-expr","locations":[{"start":{"line":292,"column":61},"end":{"line":292,"column":68}},{"start":{"line":292,"column":71},"end":{"line":292,"column":72}}]},"26":{"loc":{"start":{"line":303,"column":8},"end":{"line":307,"column":9}},"type":"if","locations":[{"start":{"line":303,"column":8},"end":{"line":307,"column":9}},{"start":{"line":305,"column":15},"end":{"line":307,"column":9}}]},"27":{"loc":{"start":{"line":303,"column":12},"end":{"line":303,"column":69}},"type":"binary-expr","locations":[{"start":{"line":303,"column":12},"end":{"line":303,"column":37}},{"start":{"line":303,"column":41},"end":{"line":303,"column":69}}]},"28":{"loc":{"start":{"line":309,"column":8},"end":{"line":311,"column":9}},"type":"if","locations":[{"start":{"line":309,"column":8},"end":{"line":311,"column":9}},{"start":{},"end":{}}]},"29":{"loc":{"start":{"line":309,"column":12},"end":{"line":309,"column":62}},"type":"binary-expr","locations":[{"start":{"line":309,"column":12},"end":{"line":309,"column":35}},{"start":{"line":309,"column":39},"end":{"line":309,"column":62}}]},"30":{"loc":{"start":{"line":348,"column":15},"end":{"line":348,"column":101}},"type":"cond-expr","locations":[{"start":{"line":348,"column":75},"end":{"line":348,"column":88}},{"start":{"line":348,"column":91},"end":{"line":348,"column":101}}]},"31":{"loc":{"start":{"line":348,"column":15},"end":{"line":348,"column":72}},"type":"binary-expr","locations":[{"start":{"line":348,"column":15},"end":{"line":348,"column":40}},{"start":{"line":348,"column":44},"end":{"line":348,"column":72}}]}},"s":{"0":5,"1":5,"2":5,"3":48,"4":48,"5":3,"6":45,"7":45,"8":45,"9":45,"10":45,"11":45,"12":0,"13":45,"14":45,"15":45,"16":45,"17":109,"18":90,"19":109,"20":1,"21":108,"22":121,"23":11,"24":97,"25":97,"26":97,"27":97,"28":7,"29":7,"30":7,"31":7,"32":7,"33":7,"34":7,"35":97,"36":97,"37":7,"38":7,"39":7,"40":7,"41":100,"42":100,"43":100,"44":395,"45":1,"46":99,"47":99,"48":99,"49":26,"50":2,"51":24,"52":0,"53":24,"54":97,"55":1,"56":0,"57":1,"58":97,"59":97,"60":1,"61":97,"62":97,"63":97,"64":97,"65":35,"66":35,"67":3,"68":32,"69":35,"70":1,"71":34,"72":34,"73":34,"74":34,"75":34,"76":34,"77":34,"78":268,"79":268,"80":268,"81":268,"82":34,"83":7,"84":11,"85":11,"86":11,"87":11,"88":5,"89":5},"f":{"0":48,"1":109,"2":7,"3":7,"4":97,"5":97,"6":7,"7":7,"8":100,"9":100,"10":395,"11":35,"12":7,"13":11},"b":{"0":[18],"1":[18],"2":[9],"3":[3,45],"4":[0,45],"5":[90,19],"6":[1,108],"7":[109,13],"8":[11,110],"9":[97,97],"10":[97,97],"11":[5,92],"12":[7,7],"13":[2],"14":[99],"15":[1,394],"16":[26,73],"17":[99,83],"18":[2,24],"19":[26,2],"20":[0,24],"21":[1,96],"22":[0,1],"23":[97,97],"24":[1,96],"25":[1,96],"26":[3,32],"27":[35,35],"28":[1,34],"29":[35,35],"30":[0,7],"31":[7,7]}}
,"/Volumes/D/dev/tfjs-stellar/src/layers/positional_encoding.ts": {"path":"/Volumes/D/dev/tfjs-stellar/src/layers/positional_encoding.ts","statementMap":{"0":{"start":{"line":1,"column":0},"end":{"line":1,"column":39}},"1":{"start":{"line":25,"column":23},"end":{"line":25,"column":43}},"2":{"start":{"line":32,"column":8},"end":{"line":32,"column":20}},"3":{"start":{"line":34,"column":8},"end":{"line":34,"column":64}},"4":{"start":{"line":35,"column":8},"end":{"line":35,"column":38}},"5":{"start":{"line":37,"column":8},"end":{"line":40,"column":9}},"6":{"start":{"line":38,"column":12},"end":{"line":39,"column":71}},"7":{"start":{"line":42,"column":8},"end":{"line":45,"column":9}},"8":{"start":{"line":43,"column":12},"end":{"line":44,"column":62}},"9":{"start":{"line":48,"column":8},"end":{"line":50,"column":55}},"10":{"start":{"line":59,"column":22},"end":{"line":59,"column":64}},"11":{"start":{"line":60,"column":26},"end":{"line":60,"column":41}},"12":{"start":{"line":62,"column":8},"end":{"line":65,"column":9}},"13":{"start":{"line":63,"column":12},"end":{"line":64,"column":109}},"14":{"start":{"line":67,"column":8},"end":{"line":72,"column":9}},"15":{"start":{"line":69,"column":12},"end":{"line":71,"column":46}},"16":{"start":{"line":75,"column":8},"end":{"line":79,"column":null}},"17":{"start":{"line":76,"column":12},"end":{"line":78,"column":32}},"18":{"start":{"line":88,"column":8},"end":{"line":132,"column":11}},"19":{"start":{"line":89,"column":35},"end":{"line":89,"column":63}},"20":{"start":{"line":93,"column":30},"end":{"line":96,"column":70}},"21":{"start":{"line":103,"column":32},"end":{"line":103,"column":96}},"22":{"start":{"line":105,"column":31},"end":{"line":105,"column":57}},"23":{"start":{"line":107,"column":25},"end":{"line":107,"column":43}},"24":{"start":{"line":108,"column":27},"end":{"line":108,"column":45}},"25":{"start":{"line":114,"column":32},"end":{"line":114,"column":34}},"26":{"start":{"line":115,"column":29},"end":{"line":115,"column":31}},"27":{"start":{"line":116,"column":28},"end":{"line":116,"column":29}},"28":{"start":{"line":117,"column":30},"end":{"line":117,"column":31}},"29":{"start":{"line":119,"column":12},"end":{"line":128,"column":13}},"30":{"start":{"line":119,"column":33},"end":{"line":119,"column":34}},"31":{"start":{"line":120,"column":16},"end":{"line":120,"column":null}},"32":{"start":{"line":122,"column":16},"end":{"line":127,"column":17}},"33":{"start":{"line":126,"column":20},"end":{"line":126,"column":null}},"34":{"start":{"line":131,"column":12},"end":{"line":131,"column":57}},"35":{"start":{"line":134,"column":8},"end":{"line":134,"column":32}},"36":{"start":{"line":139,"column":8},"end":{"line":139,"column":26}},"37":{"start":{"line":144,"column":28},"end":{"line":144,"column":45}},"38":{"start":{"line":146,"column":23},"end":{"line":149,"column":null}},"39":{"start":{"line":151,"column":8},"end":{"line":151,"column":43}},"40":{"start":{"line":153,"column":8},"end":{"line":153,"column":22}},"41":{"start":{"line":24,"column":0},"end":{"line":24,"column":13}},"42":{"start":{"line":158,"column":0},"end":{"line":158,"column":51}}},"fnMap":{"0":{"name":"(anonymous_9)","decl":{"start":{"line":31,"column":4},"end":{"line":31,"column":16}},"loc":{"start":{"line":31,"column":44},"end":{"line":51,"column":5}}},"1":{"name":"(anonymous_10)","decl":{"start":{"line":57,"column":13},"end":{"line":57,"column":17}},"loc":{"start":{"line":57,"column":65},"end":{"line":80,"column":5}}},"2":{"name":"(anonymous_11)","decl":{"start":{"line":75,"column":23},"end":{"line":75,"column":26}},"loc":{"start":{"line":75,"column":28},"end":{"line":79,"column":9}}},"3":{"name":"(anonymous_12)","decl":{"start":{"line":87,"column":13},"end":{"line":87,"column":18}},"loc":{"start":{"line":87,"column":52},"end":{"line":135,"column":5}}},"4":{"name":"(anonymous_13)","decl":{"start":{"line":88,"column":16},"end":{"line":88,"column":19}},"loc":{"start":{"line":88,"column":21},"end":{"line":132,"column":9}}},"5":{"name":"(anonymous_14)","decl":{"start":{"line":138,"column":13},"end":{"line":138,"column":31}},"loc":{"start":{"line":138,"column":65},"end":{"line":140,"column":5}}},"6":{"name":"(anonymous_15)","decl":{"start":{"line":143,"column":13},"end":{"line":143,"column":22}},"loc":{"start":{"line":143,"column":22},"end":{"line":154,"column":5}}}},"branchMap":{"0":{"loc":{"start":{"line":34,"column":33},"end":{"line":34,"column":63}},"type":"binary-expr","locations":[{"start":{"line":34,"column":33},"end":{"line":34,"column":55}},{"start":{"line":34,"column":59},"end":{"line":34,"column":63}}]},"1":{"loc":{"start":{"line":37,"column":8},"end":{"line":40,"column":9}},"type":"if","locations":[{"start":{"line":37,"column":8},"end":{"line":40,"column":9}},{"start":{},"end":{}}]},"2":{"loc":{"start":{"line":42,"column":8},"end":{"line":45,"column":9}},"type":"if","locations":[{"start":{"line":42,"column":8},"end":{"line":45,"column":9}},{"start":{},"end":{}}]},"3":{"loc":{"start":{"line":59,"column":22},"end":{"line":59,"column":64}},"type":"cond-expr","locations":[{"start":{"line":59,"column":46},"end":{"line":59,"column":55}},{"start":{"line":59,"column":58},"end":{"line":59,"column":64}}]},"4":{"loc":{"start":{"line":62,"column":8},"end":{"line":65,"column":9}},"type":"if","locations":[{"start":{"line":62,"column":8},"end":{"line":65,"column":9}},{"start":{},"end":{}}]},"5":{"loc":{"start":{"line":62,"column":12},"end":{"line":62,"column":70}},"type":"binary-expr","locations":[{"start":{"line":62,"column":12},"end":{"line":62,"column":35}},{"start":{"line":62,"column":39},"end":{"line":62,"column":70}}]},"6":{"loc":{"start":{"line":67,"column":8},"end":{"line":72,"column":9}},"type":"if","locations":[{"start":{"line":67,"column":8},"end":{"line":72,"column":9}},{"start":{},"end":{}}]},"7":{"loc":{"start":{"line":122,"column":16},"end":{"line":127,"column":17}},"type":"if","locations":[{"start":{"line":122,"column":16},"end":{"line":127,"column":17}},{"start":{},"end":{}}]}},"s":{"0":2,"1":2,"2":19,"3":19,"4":19,"5":19,"6":3,"7":16,"8":2,"9":14,"10":9,"11":9,"12":9,"13":3,"14":6,"15":2,"16":4,"17":4,"18":8,"19":8,"20":8,"21":8,"22":8,"23":8,"24":8,"25":8,"26":8,"27":8,"28":8,"29":8,"30":8,"31":102,"32":102,"33":102,"34":8,"35":8,"36":2,"37":1,"38":1,"39":1,"40":1,"41":2,"42":2},"f":{"0":19,"1":9,"2":4,"3":8,"4":8,"5":2,"6":1},"b":{"0":[19,2],"1":[3,16],"2":[2,14],"3":[1,8],"4":[3,6],"5":[9,6],"6":[2,4],"7":[102,0]}}
,"/Volumes/D/dev/tfjs-stellar/src/layers/rotary_position_embedding.ts": {"path":"/Volumes/D/dev/tfjs-stellar/src/layers/rotary_position_embedding.ts","statementMap":{"0":{"start":{"line":5,"column":0},"end":{"line":5,"column":16}},"1":{"start":{"line":21,"column":0},"end":{"line":21,"column":16}},"2":{"start":{"line":40,"column":0},"end":{"line":40,"column":16}},"3":{"start":{"line":1,"column":0},"end":{"line":1,"column":39}},"4":{"start":{"line":6,"column":4},"end":{"line":17,"column":7}},"5":{"start":{"line":7,"column":27},"end":{"line":7,"column":38}},"6":{"start":{"line":10,"column":23},"end":{"line":10,"column":80}},"7":{"start":{"line":11,"column":21},"end":{"line":11,"column":76}},"8":{"start":{"line":14,"column":26},"end":{"line":14,"column":44}},"9":{"start":{"line":16,"column":8},"end":{"line":16,"column":66}},"10":{"start":{"line":22,"column":4},"end":{"line":36,"column":7}},"11":{"start":{"line":27,"column":25},"end":{"line":27,"column":52}},"12":{"start":{"line":29,"column":19},"end":{"line":29,"column":57}},"13":{"start":{"line":30,"column":19},"end":{"line":30,"column":57}},"14":{"start":{"line":33,"column":24},"end":{"line":33,"column":55}},"15":{"start":{"line":35,"column":8},"end":{"line":35,"column":40}},"16":{"start":{"line":41,"column":4},"end":{"line":60,"column":7}},"17":{"start":{"line":43,"column":32},"end":{"line":45,"column":73}},"18":{"start":{"line":48,"column":33},"end":{"line":48,"column":65}},"19":{"start":{"line":50,"column":21},"end":{"line":50,"column":71}},"20":{"start":{"line":53,"column":27},"end":{"line":54,"column":48}},"21":{"start":{"line":56,"column":8},"end":{"line":59,"column":null}},"22":{"start":{"line":85,"column":23},"end":{"line":85,"column":48}},"23":{"start":{"line":96,"column":8},"end":{"line":96,"column":20}},"24":{"start":{"line":98,"column":8},"end":{"line":100,"column":9}},"25":{"start":{"line":99,"column":12},"end":{"line":99,"column":112}},"26":{"start":{"line":102,"column":8},"end":{"line":102,"column":23}},"27":{"start":{"line":103,"column":8},"end":{"line":103,"column":53}},"28":{"start":{"line":104,"column":8},"end":{"line":104,"column":27}},"29":{"start":{"line":106,"column":8},"end":{"line":108,"column":66}},"30":{"start":{"line":110,"column":8},"end":{"line":112,"column":66}},"31":{"start":{"line":117,"column":22},"end":{"line":117,"column":76}},"32":{"start":{"line":118,"column":27},"end":{"line":118,"column":35}},"33":{"start":{"line":120,"column":8},"end":{"line":124,"column":9}},"34":{"start":{"line":122,"column":12},"end":{"line":122,"column":85}},"35":{"start":{"line":123,"column":12},"end":{"line":123,"column":27}},"36":{"start":{"line":126,"column":8},"end":{"line":130,"column":null}},"37":{"start":{"line":135,"column":31},"end":{"line":136,"column":59}},"38":{"start":{"line":138,"column":8},"end":{"line":138,"column":36}},"39":{"start":{"line":139,"column":8},"end":{"line":139,"column":34}},"40":{"start":{"line":141,"column":8},"end":{"line":141,"column":57}},"41":{"start":{"line":142,"column":8},"end":{"line":142,"column":53}},"42":{"start":{"line":144,"column":8},"end":{"line":147,"column":10}},"43":{"start":{"line":149,"column":8},"end":{"line":149,"column":40}},"44":{"start":{"line":157,"column":8},"end":{"line":159,"column":38}},"45":{"start":{"line":84,"column":0},"end":{"line":84,"column":13}},"46":{"start":{"line":163,"column":0},"end":{"line":163,"column":56}}},"fnMap":{"0":{"name":"applyRope","decl":{"start":{"line":5,"column":16},"end":{"line":5,"column":25}},"loc":{"start":{"line":5,"column":99},"end":{"line":18,"column":1}}},"1":{"name":"(anonymous_10)","decl":{"start":{"line":6,"column":19},"end":{"line":6,"column":22}},"loc":{"start":{"line":6,"column":24},"end":{"line":17,"column":5}}},"2":{"name":"rotateHalf","decl":{"start":{"line":21,"column":16},"end":{"line":21,"column":26}},"loc":{"start":{"line":21,"column":52},"end":{"line":37,"column":1}}},"3":{"name":"(anonymous_12)","decl":{"start":{"line":22,"column":19},"end":{"line":22,"column":22}},"loc":{"start":{"line":22,"column":24},"end":{"line":36,"column":5}}},"4":{"name":"createRoPECache","decl":{"start":{"line":40,"column":16},"end":{"line":40,"column":31}},"loc":{"start":{"line":40,"column":96},"end":{"line":61,"column":1}}},"5":{"name":"(anonymous_14)","decl":{"start":{"line":41,"column":19},"end":{"line":41,"column":22}},"loc":{"start":{"line":41,"column":24},"end":{"line":60,"column":5}}},"6":{"name":"(anonymous_15)","decl":{"start":{"line":95,"column":4},"end":{"line":95,"column":16}},"loc":{"start":{"line":95,"column":103},"end":{"line":113,"column":5}}},"7":{"name":"(anonymous_16)","decl":{"start":{"line":116,"column":13},"end":{"line":116,"column":17}},"loc":{"start":{"line":116,"column":62},"end":{"line":131,"column":5}}},"8":{"name":"(anonymous_17)","decl":{"start":{"line":134,"column":13},"end":{"line":134,"column":18}},"loc":{"start":{"line":134,"column":53},"end":{"line":150,"column":5}}},"9":{"name":"(anonymous_18)","decl":{"start":{"line":156,"column":11},"end":{"line":156,"column":29}},"loc":{"start":{"line":156,"column":64},"end":{"line":160,"column":5}}}},"branchMap":{"0":{"loc":{"start":{"line":40,"column":74},"end":{"line":40,"column":96}},"type":"default-arg","locations":[{"start":{"line":40,"column":90},"end":{"line":40,"column":96}}]},"1":{"loc":{"start":{"line":95,"column":23},"end":{"line":95,"column":47}},"type":"default-arg","locations":[{"start":{"line":95,"column":43},"end":{"line":95,"column":47}}]},"2":{"loc":{"start":{"line":95,"column":49},"end":{"line":95,"column":63}},"type":"default-arg","locations":[{"start":{"line":95,"column":57},"end":{"line":95,"column":63}}]},"3":{"loc":{"start":{"line":98,"column":8},"end":{"line":100,"column":9}},"type":"if","locations":[{"start":{"line":98,"column":8},"end":{"line":100,"column":9}},{"start":{},"end":{}}]},"4":{"loc":{"start":{"line":117,"column":22},"end":{"line":117,"column":76}},"type":"cond-expr","locations":[{"start":{"line":117,"column":46},"end":{"line":117,"column":61}},{"start":{"line":117,"column":64},"end":{"line":117,"column":76}}]},"5":{"loc":{"start":{"line":120,"column":8},"end":{"line":124,"column":9}},"type":"if","locations":[{"start":{"line":120,"column":8},"end":{"line":124,"column":9}},{"start":{},"end":{}}]},"6":{"loc":{"start":{"line":127,"column":12},"end":{"line":127,"column":54}},"type":"cond-expr","locations":[{"start":{"line":127,"column":36},"end":{"line":127,"column":45}},{"start":{"line":127,"column":48},"end":{"line":127,"column":54}}]},"7":{"loc":{"start":{"line":157,"column":15},"end":{"line":159,"column":37}},"type":"cond-expr","locations":[{"start":{"line":158,"column":14},"end":{"line":158,"column":40}},{"start":{"line":159,"column":14},"end":{"line":159,"column":37}}]}},"s":{"0":5,"1":5,"2":5,"3":5,"4":183,"5":183,"6":183,"7":183,"8":183,"9":183,"10":183,"11":183,"12":183,"13":183,"14":183,"15":183,"16":36,"17":36,"18":36,"19":36,"20":36,"21":36,"22":5,"23":43,"24":43,"25":1,"26":42,"27":42,"28":42,"29":42,"30":42,"31":183,"32":183,"33":183,"34":2,"35":2,"36":183,"37":36,"38":36,"39":36,"40":36,"41":36,"42":36,"43":36,"44":2,"45":5,"46":5},"f":{"0":183,"1":183,"2":183,"3":183,"4":36,"5":36,"6":43,"7":183,"8":36,"9":2},"b":{"0":[0],"1":[38],"2":[42],"3":[1,42],"4":[1,182],"5":[2,181],"6":[1,182],"7":[1,1]}}
,"/Volumes/D/dev/tfjs-stellar/src/layers/token_and_positional_embedding.ts": {"path":"/Volumes/D/dev/tfjs-stellar/src/layers/token_and_positional_embedding.ts","statementMap":{"0":{"start":{"line":1,"column":0},"end":{"line":1,"column":39}},"1":{"start":{"line":5,"column":0},"end":{"line":5,"column":96}},"2":{"start":{"line":28,"column":23},"end":{"line":28,"column":52}},"3":{"start":{"line":42,"column":8},"end":{"line":42,"column":20}},"4":{"start":{"line":44,"column":8},"end":{"line":44,"column":33}},"5":{"start":{"line":45,"column":8},"end":{"line":45,"column":45}},"6":{"start":{"line":46,"column":8},"end":{"line":46,"column":59}},"7":{"start":{"line":47,"column":8},"end":{"line":47,"column":38}},"8":{"start":{"line":49,"column":8},"end":{"line":51,"column":9}},"9":{"start":{"line":50,"column":12},"end":{"line":50,"column":93}},"10":{"start":{"line":53,"column":8},"end":{"line":56,"column":11}},"11":{"start":{"line":58,"column":8},"end":{"line":61,"column":11}},"12":{"start":{"line":63,"column":8},"end":{"line":63,"column":70}},"13":{"start":{"line":71,"column":8},"end":{"line":74,"column":9}},"14":{"start":{"line":72,"column":12},"end":{"line":73,"column":62}},"15":{"start":{"line":76,"column":8},"end":{"line":81,"column":null}},"16":{"start":{"line":77,"column":25},"end":{"line":77,"column":89}},"17":{"start":{"line":78,"column":12},"end":{"line":78,"column":66}},"18":{"start":{"line":80,"column":12},"end":{"line":80,"column":26}},"19":{"start":{"line":89,"column":39},"end":{"line":89,"column":41}},"20":{"start":{"line":92,"column":8},"end":{"line":98,"column":9}},"21":{"start":{"line":94,"column":12},"end":{"line":94,"column":52}},"22":{"start":{"line":95,"column":15},"end":{"line":98,"column":9}},"23":{"start":{"line":97,"column":12},"end":{"line":97,"column":52}},"24":{"start":{"line":100,"column":8},"end":{"line":104,"column":9}},"25":{"start":{"line":101,"column":12},"end":{"line":103,"column":64}},"26":{"start":{"line":107,"column":8},"end":{"line":107,"column":46}},"27":{"start":{"line":108,"column":8},"end":{"line":108,"column":82}},"28":{"start":{"line":111,"column":8},"end":{"line":114,"column":10}},"29":{"start":{"line":116,"column":8},"end":{"line":116,"column":37}},"30":{"start":{"line":125,"column":32},"end":{"line":125,"column":77}},"31":{"start":{"line":126,"column":33},"end":{"line":126,"column":84}},"32":{"start":{"line":128,"column":8},"end":{"line":128,"column":32}},"33":{"start":{"line":133,"column":28},"end":{"line":133,"column":45}},"34":{"start":{"line":135,"column":23},"end":{"line":140,"column":null}},"35":{"start":{"line":142,"column":8},"end":{"line":142,"column":43}},"36":{"start":{"line":144,"column":8},"end":{"line":144,"column":22}},"37":{"start":{"line":27,"column":0},"end":{"line":27,"column":13}},"38":{"start":{"line":149,"column":0},"end":{"line":149,"column":60}}},"fnMap":{"0":{"name":"(anonymous_9)","decl":{"start":{"line":41,"column":4},"end":{"line":41,"column":16}},"loc":{"start":{"line":41,"column":114},"end":{"line":64,"column":5}}},"1":{"name":"(anonymous_10)","decl":{"start":{"line":70,"column":13},"end":{"line":70,"column":17}},"loc":{"start":{"line":70,"column":65},"end":{"line":82,"column":5}}},"2":{"name":"(anonymous_11)","decl":{"start":{"line":76,"column":23},"end":{"line":76,"column":26}},"loc":{"start":{"line":76,"column":28},"end":{"line":81,"column":9}}},"3":{"name":"(anonymous_12)","decl":{"start":{"line":88,"column":13},"end":{"line":88,"column":18}},"loc":{"start":{"line":88,"column":52},"end":{"line":117,"column":5}}},"4":{"name":"(anonymous_13)","decl":{"start":{"line":124,"column":13},"end":{"line":124,"column":31}},"loc":{"start":{"line":124,"column":65},"end":{"line":129,"column":5}}},"5":{"name":"(anonymous_14)","decl":{"start":{"line":132,"column":13},"end":{"line":132,"column":22}},"loc":{"start":{"line":132,"column":22},"end":{"line":145,"column":5}}}},"branchMap":{"0":{"loc":{"start":{"line":46,"column":33},"end":{"line":46,"column":58}},"type":"binary-expr","locations":[{"start":{"line":46,"column":33},"end":{"line":46,"column":50}},{"start":{"line":46,"column":54},"end":{"line":46,"column":58}}]},"1":{"loc":{"start":{"line":47,"column":23},"end":{"line":47,"column":37}},"type":"binary-expr","locations":[{"start":{"line":47,"column":23},"end":{"line":47,"column":30}},{"start":{"line":47,"column":34},"end":{"line":47,"column":37}}]},"2":{"loc":{"start":{"line":49,"column":8},"end":{"line":51,"column":9}},"type":"if","locations":[{"start":{"line":49,"column":8},"end":{"line":51,"column":9}},{"start":{},"end":{}}]},"3":{"loc":{"start":{"line":71,"column":8},"end":{"line":74,"column":9}},"type":"if","locations":[{"start":{"line":71,"column":8},"end":{"line":74,"column":9}},{"start":{},"end":{}}]},"4":{"loc":{"start":{"line":71,"column":12},"end":{"line":71,"column":55}},"type":"binary-expr","locations":[{"start":{"line":71,"column":12},"end":{"line":71,"column":33}},{"start":{"line":71,"column":37},"end":{"line":71,"column":55}}]},"5":{"loc":{"start":{"line":92,"column":8},"end":{"line":98,"column":9}},"type":"if","locations":[{"start":{"line":92,"column":8},"end":{"line":98,"column":9}},{"start":{"line":95,"column":15},"end":{"line":98,"column":9}}]},"6":{"loc":{"start":{"line":92,"column":12},"end":{"line":92,"column":69}},"type":"binary-expr","locations":[{"start":{"line":92,"column":12},"end":{"line":92,"column":37}},{"start":{"line":92,"column":41},"end":{"line":92,"column":69}}]},"7":{"loc":{"start":{"line":95,"column":15},"end":{"line":98,"column":9}},"type":"if","locations":[{"start":{"line":95,"column":15},"end":{"line":98,"column":9}},{"start":{},"end":{}}]},"8":{"loc":{"start":{"line":100,"column":8},"end":{"line":104,"column":9}},"type":"if","locations":[{"start":{"line":100,"column":8},"end":{"line":104,"column":9}},{"start":{},"end":{}}]},"9":{"loc":{"start":{"line":100,"column":12},"end":{"line":100,"column":87}},"type":"binary-expr","locations":[{"start":{"line":100,"column":12},"end":{"line":100,"column":39}},{"start":{"line":100,"column":43},"end":{"line":100,"column":87}}]}},"s":{"0":1,"1":1,"2":1,"3":12,"4":12,"5":12,"6":12,"7":12,"8":12,"9":0,"10":12,"11":10,"12":9,"13":5,"14":1,"15":4,"16":4,"17":2,"18":2,"19":6,"20":6,"21":1,"22":5,"23":5,"24":6,"25":2,"26":4,"27":4,"28":4,"29":4,"30":1,"31":1,"32":1,"33":1,"34":1,"35":1,"36":1,"37":1,"38":1},"f":{"0":12,"1":5,"2":4,"3":6,"4":1,"5":1},"b":{"0":[12,7],"1":[12,11],"2":[0,12],"3":[1,4],"4":[5,2],"5":[1,5],"6":[6,6],"7":[5,0],"8":[2,4],"9":[6,5]}}
,"/Volumes/D/dev/tfjs-stellar/src/layers/transformer_decoder.ts": {"path":"/Volumes/D/dev/tfjs-stellar/src/layers/transformer_decoder.ts","statementMap":{"0":{"start":{"line":1,"column":0},"end":{"line":1,"column":39}},"1":{"start":{"line":6,"column":0},"end":{"line":6,"column":89}},"2":{"start":{"line":35,"column":23},"end":{"line":35,"column":43}},"3":{"start":{"line":54,"column":8},"end":{"line":54,"column":20}},"4":{"start":{"line":56,"column":8},"end":{"line":56,"column":33}},"5":{"start":{"line":57,"column":8},"end":{"line":57,"column":33}},"6":{"start":{"line":58,"column":8},"end":{"line":58,"column":39}},"7":{"start":{"line":59,"column":8},"end":{"line":59,"column":38}},"8":{"start":{"line":60,"column":8},"end":{"line":60,"column":47}},"9":{"start":{"line":62,"column":8},"end":{"line":64,"column":9}},"10":{"start":{"line":63,"column":12},"end":{"line":63,"column":93}},"11":{"start":{"line":67,"column":8},"end":{"line":67,"column":63}},"12":{"start":{"line":70,"column":8},"end":{"line":74,"column":11}},"13":{"start":{"line":75,"column":8},"end":{"line":75,"column":null}},"14":{"start":{"line":76,"column":8},"end":{"line":76,"column":87}},"15":{"start":{"line":79,"column":8},"end":{"line":83,"column":11}},"16":{"start":{"line":84,"column":8},"end":{"line":88,"column":11}},"17":{"start":{"line":89,"column":8},"end":{"line":89,"column":76}},"18":{"start":{"line":90,"column":8},"end":{"line":90,"column":78}},"19":{"start":{"line":102,"column":8},"end":{"line":104,"column":9}},"20":{"start":{"line":103,"column":12},"end":{"line":103,"column":124}},"21":{"start":{"line":106,"column":8},"end":{"line":108,"column":9}},"22":{"start":{"line":107,"column":12},"end":{"line":107,"column":44}},"23":{"start":{"line":111,"column":8},"end":{"line":116,"column":11}},"24":{"start":{"line":112,"column":25},"end":{"line":112,"column":70}},"25":{"start":{"line":113,"column":12},"end":{"line":113,"column":59}},"26":{"start":{"line":115,"column":12},"end":{"line":115,"column":26}},"27":{"start":{"line":121,"column":8},"end":{"line":130,"column":11}},"28":{"start":{"line":122,"column":29},"end":{"line":122,"column":30}},"29":{"start":{"line":124,"column":28},"end":{"line":124,"column":82}},"30":{"start":{"line":125,"column":12},"end":{"line":125,"column":94}},"31":{"start":{"line":126,"column":12},"end":{"line":126,"column":52}},"32":{"start":{"line":127,"column":12},"end":{"line":127,"column":91}},"33":{"start":{"line":129,"column":12},"end":{"line":129,"column":29}},"34":{"start":{"line":135,"column":8},"end":{"line":145,"column":11}},"35":{"start":{"line":136,"column":29},"end":{"line":136,"column":30}},"36":{"start":{"line":138,"column":30},"end":{"line":138,"column":64}},"37":{"start":{"line":139,"column":12},"end":{"line":139,"column":71}},"38":{"start":{"line":140,"column":12},"end":{"line":140,"column":90}},"39":{"start":{"line":141,"column":12},"end":{"line":141,"column":56}},"40":{"start":{"line":142,"column":12},"end":{"line":142,"column":86}},"41":{"start":{"line":144,"column":12},"end":{"line":144,"column":31}},"42":{"start":{"line":153,"column":39},"end":{"line":153,"column":41}},"43":{"start":{"line":155,"column":8},"end":{"line":161,"column":9}},"44":{"start":{"line":157,"column":12},"end":{"line":157,"column":52}},"45":{"start":{"line":158,"column":15},"end":{"line":161,"column":9}},"46":{"start":{"line":160,"column":12},"end":{"line":160,"column":52}},"47":{"start":{"line":163,"column":8},"end":{"line":166,"column":9}},"48":{"start":{"line":164,"column":12},"end":{"line":165,"column":null}},"49":{"start":{"line":168,"column":36},"end":{"line":168,"column":48}},"50":{"start":{"line":170,"column":8},"end":{"line":173,"column":9}},"51":{"start":{"line":171,"column":12},"end":{"line":172,"column":null}},"52":{"start":{"line":176,"column":8},"end":{"line":176,"column":58}},"53":{"start":{"line":177,"column":8},"end":{"line":177,"column":107}},"54":{"start":{"line":180,"column":40},"end":{"line":180,"column":95}},"55":{"start":{"line":181,"column":40},"end":{"line":181,"column":101}},"56":{"start":{"line":183,"column":8},"end":{"line":183,"column":51}},"57":{"start":{"line":184,"column":8},"end":{"line":184,"column":57}},"58":{"start":{"line":185,"column":8},"end":{"line":185,"column":59}},"59":{"start":{"line":188,"column":8},"end":{"line":196,"column":10}},"60":{"start":{"line":200,"column":23},"end":{"line":200,"column":24}},"61":{"start":{"line":202,"column":8},"end":{"line":207,"column":9}},"62":{"start":{"line":203,"column":32},"end":{"line":203,"column":68}},"63":{"start":{"line":204,"column":13},"end":{"line":204,"column":48}},"64":{"start":{"line":205,"column":13},"end":{"line":205,"column":56}},"65":{"start":{"line":206,"column":12},"end":{"line":206,"column":23}},"66":{"start":{"line":209,"column":8},"end":{"line":209,"column":32}},"67":{"start":{"line":217,"column":28},"end":{"line":217,"column":45}},"68":{"start":{"line":219,"column":23},"end":{"line":226,"column":null}},"69":{"start":{"line":228,"column":8},"end":{"line":228,"column":43}},"70":{"start":{"line":230,"column":8},"end":{"line":230,"column":22}},"71":{"start":{"line":34,"column":0},"end":{"line":34,"column":13}},"72":{"start":{"line":236,"column":0},"end":{"line":236,"column":51}}},"fnMap":{"0":{"name":"(anonymous_9)","decl":{"start":{"line":53,"column":4},"end":{"line":53,"column":16}},"loc":{"start":{"line":53,"column":118},"end":{"line":91,"column":5}}},"1":{"name":"(anonymous_10)","decl":{"start":{"line":100,"column":13},"end":{"line":100,"column":17}},"loc":{"start":{"line":100,"column":65},"end":{"line":117,"column":5}}},"2":{"name":"(anonymous_11)","decl":{"start":{"line":111,"column":23},"end":{"line":111,"column":26}},"loc":{"start":{"line":111,"column":28},"end":{"line":116,"column":9}}},"3":{"name":"(anonymous_12)","decl":{"start":{"line":120,"column":14},"end":{"line":120,"column":38}},"loc":{"start":{"line":120,"column":67},"end":{"line":131,"column":5}}},"4":{"name":"(anonymous_13)","decl":{"start":{"line":121,"column":23},"end":{"line":121,"column":26}},"loc":{"start":{"line":121,"column":28},"end":{"line":130,"column":9}}},"5":{"name":"(anonymous_14)","decl":{"start":{"line":134,"column":14},"end":{"line":134,"column":30}},"loc":{"start":{"line":134,"column":59},"end":{"line":146,"column":5}}},"6":{"name":"(anonymous_15)","decl":{"start":{"line":135,"column":23},"end":{"line":135,"column":26}},"loc":{"start":{"line":135,"column":28},"end":{"line":145,"column":9}}},"7":{"name":"(anonymous_16)","decl":{"start":{"line":152,"column":13},"end":{"line":152,"column":18}},"loc":{"start":{"line":152,"column":52},"end":{"line":210,"column":5}}},"8":{"name":"(anonymous_17)","decl":{"start":{"line":216,"column":13},"end":{"line":216,"column":22}},"loc":{"start":{"line":216,"column":22},"end":{"line":231,"column":5}}}},"branchMap":{"0":{"loc":{"start":{"line":58,"column":23},"end":{"line":58,"column":38}},"type":"binary-expr","locations":[{"start":{"line":58,"column":23},"end":{"line":58,"column":30}},{"start":{"line":58,"column":34},"end":{"line":58,"column":38}}]},"1":{"loc":{"start":{"line":59,"column":23},"end":{"line":59,"column":37}},"type":"binary-expr","locations":[{"start":{"line":59,"column":23},"end":{"line":59,"column":30}},{"start":{"line":59,"column":34},"end":{"line":59,"column":37}}]},"2":{"loc":{"start":{"line":60,"column":26},"end":{"line":60,"column":46}},"type":"binary-expr","locations":[{"start":{"line":60,"column":26},"end":{"line":60,"column":36}},{"start":{"line":60,"column":40},"end":{"line":60,"column":46}}]},"3":{"loc":{"start":{"line":62,"column":8},"end":{"line":64,"column":9}},"type":"if","locations":[{"start":{"line":62,"column":8},"end":{"line":64,"column":9}},{"start":{},"end":{}}]},"4":{"loc":{"start":{"line":67,"column":31},"end":{"line":67,"column":62}},"type":"binary-expr","locations":[{"start":{"line":67,"column":31},"end":{"line":67,"column":46}},{"start":{"line":67,"column":50},"end":{"line":67,"column":62}}]},"5":{"loc":{"start":{"line":102,"column":8},"end":{"line":104,"column":9}},"type":"if","locations":[{"start":{"line":102,"column":8},"end":{"line":104,"column":9}},{"start":{},"end":{}}]},"6":{"loc":{"start":{"line":102,"column":12},"end":{"line":102,"column":77}},"type":"binary-expr","locations":[{"start":{"line":102,"column":12},"end":{"line":102,"column":33}},{"start":{"line":102,"column":37},"end":{"line":102,"column":55}},{"start":{"line":102,"column":59},"end":{"line":102,"column":77}}]},"7":{"loc":{"start":{"line":106,"column":8},"end":{"line":108,"column":9}},"type":"if","locations":[{"start":{"line":106,"column":8},"end":{"line":108,"column":9}},{"start":{},"end":{}}]},"8":{"loc":{"start":{"line":155,"column":8},"end":{"line":161,"column":9}},"type":"if","locations":[{"start":{"line":155,"column":8},"end":{"line":161,"column":9}},{"start":{"line":158,"column":15},"end":{"line":161,"column":9}}]},"9":{"loc":{"start":{"line":155,"column":12},"end":{"line":155,"column":69}},"type":"binary-expr","locations":[{"start":{"line":155,"column":12},"end":{"line":155,"column":37}},{"start":{"line":155,"column":41},"end":{"line":155,"column":69}}]},"10":{"loc":{"start":{"line":158,"column":15},"end":{"line":161,"column":9}},"type":"if","locations":[{"start":{"line":158,"column":15},"end":{"line":161,"column":9}},{"start":{},"end":{}}]},"11":{"loc":{"start":{"line":163,"column":8},"end":{"line":166,"column":9}},"type":"if","locations":[{"start":{"line":163,"column":8},"end":{"line":166,"column":9}},{"start":{},"end":{}}]},"12":{"loc":{"start":{"line":163,"column":12},"end":{"line":163,"column":64}},"type":"binary-expr","locations":[{"start":{"line":163,"column":12},"end":{"line":163,"column":36}},{"start":{"line":163,"column":40},"end":{"line":163,"column":64}}]},"13":{"loc":{"start":{"line":170,"column":8},"end":{"line":173,"column":9}},"type":"if","locations":[{"start":{"line":170,"column":8},"end":{"line":173,"column":9}},{"start":{},"end":{}}]}},"s":{"0":2,"1":2,"2":2,"3":12,"4":12,"5":12,"6":12,"7":12,"8":12,"9":12,"10":0,"11":12,"12":12,"13":11,"14":11,"15":11,"16":11,"17":11,"18":11,"19":14,"20":2,"21":12,"22":6,"23":12,"24":12,"25":12,"26":12,"27":11,"28":11,"29":11,"30":11,"31":11,"32":11,"33":11,"34":11,"35":11,"36":11,"37":11,"38":11,"39":11,"40":11,"41":11,"42":11,"43":11,"44":2,"45":9,"46":9,"47":11,"48":2,"49":9,"50":9,"51":2,"52":7,"53":7,"54":7,"55":7,"56":7,"57":7,"58":7,"59":7,"60":7,"61":7,"62":106,"63":106,"64":106,"65":106,"66":7,"67":1,"68":1,"69":1,"70":1,"71":2,"72":2},"f":{"0":12,"1":14,"2":12,"3":11,"4":11,"5":11,"6":11,"7":11,"8":1},"b":{"0":[12,11],"1":[12,11],"2":[12,11],"3":[0,12],"4":[12,11],"5":[2,12],"6":[14,8,3],"7":[6,6],"8":[2,9],"9":[11,11],"10":[9,0],"11":[2,9],"12":[11,2],"13":[2,7]}}
,"/Volumes/D/dev/tfjs-stellar/src/layers/transformer_encoder.ts": {"path":"/Volumes/D/dev/tfjs-stellar/src/layers/transformer_encoder.ts","statementMap":{"0":{"start":{"line":1,"column":0},"end":{"line":1,"column":39}},"1":{"start":{"line":5,"column":0},"end":{"line":5,"column":96}},"2":{"start":{"line":30,"column":23},"end":{"line":30,"column":43}},"3":{"start":{"line":51,"column":8},"end":{"line":51,"column":20}},"4":{"start":{"line":53,"column":8},"end":{"line":53,"column":33}},"5":{"start":{"line":54,"column":8},"end":{"line":54,"column":33}},"6":{"start":{"line":55,"column":8},"end":{"line":55,"column":38}},"7":{"start":{"line":56,"column":8},"end":{"line":56,"column":39}},"8":{"start":{"line":57,"column":8},"end":{"line":57,"column":38}},"9":{"start":{"line":58,"column":8},"end":{"line":58,"column":47}},"10":{"start":{"line":59,"column":8},"end":{"line":59,"column":55}},"11":{"start":{"line":61,"column":8},"end":{"line":63,"column":9}},"12":{"start":{"line":62,"column":12},"end":{"line":62,"column":93}},"13":{"start":{"line":66,"column":8},"end":{"line":69,"column":11}},"14":{"start":{"line":70,"column":8},"end":{"line":70,"column":null}},"15":{"start":{"line":71,"column":8},"end":{"line":71,"column":81}},"16":{"start":{"line":74,"column":8},"end":{"line":77,"column":11}},"17":{"start":{"line":78,"column":8},"end":{"line":81,"column":11}},"18":{"start":{"line":82,"column":8},"end":{"line":82,"column":76}},"19":{"start":{"line":83,"column":8},"end":{"line":83,"column":78}},"20":{"start":{"line":94,"column":8},"end":{"line":103,"column":9}},"21":{"start":{"line":95,"column":12},"end":{"line":98,"column":13}},"22":{"start":{"line":96,"column":16},"end":{"line":97,"column":68}},"23":{"start":{"line":100,"column":12},"end":{"line":100,"column":30}},"24":{"start":{"line":102,"column":12},"end":{"line":102,"column":27}},"25":{"start":{"line":106,"column":8},"end":{"line":111,"column":11}},"26":{"start":{"line":107,"column":30},"end":{"line":107,"column":68}},"27":{"start":{"line":108,"column":32},"end":{"line":108,"column":72}},"28":{"start":{"line":110,"column":12},"end":{"line":110,"column":31}},"29":{"start":{"line":116,"column":8},"end":{"line":125,"column":11}},"30":{"start":{"line":117,"column":29},"end":{"line":117,"column":30}},"31":{"start":{"line":119,"column":28},"end":{"line":119,"column":76}},"32":{"start":{"line":120,"column":12},"end":{"line":120,"column":88}},"33":{"start":{"line":121,"column":12},"end":{"line":121,"column":52}},"34":{"start":{"line":122,"column":12},"end":{"line":122,"column":77}},"35":{"start":{"line":124,"column":12},"end":{"line":124,"column":29}},"36":{"start":{"line":130,"column":8},"end":{"line":140,"column":11}},"37":{"start":{"line":131,"column":29},"end":{"line":131,"column":30}},"38":{"start":{"line":133,"column":30},"end":{"line":133,"column":53}},"39":{"start":{"line":134,"column":12},"end":{"line":134,"column":62}},"40":{"start":{"line":135,"column":12},"end":{"line":135,"column":90}},"41":{"start":{"line":136,"column":12},"end":{"line":136,"column":56}},"42":{"start":{"line":137,"column":12},"end":{"line":137,"column":78}},"43":{"start":{"line":139,"column":12},"end":{"line":139,"column":31}},"44":{"start":{"line":148,"column":39},"end":{"line":148,"column":41}},"45":{"start":{"line":150,"column":8},"end":{"line":156,"column":9}},"46":{"start":{"line":152,"column":12},"end":{"line":152,"column":52}},"47":{"start":{"line":153,"column":15},"end":{"line":156,"column":9}},"48":{"start":{"line":155,"column":12},"end":{"line":155,"column":52}},"49":{"start":{"line":159,"column":8},"end":{"line":161,"column":9}},"50":{"start":{"line":160,"column":12},"end":{"line":160,"column":null}},"51":{"start":{"line":164,"column":8},"end":{"line":164,"column":45}},"52":{"start":{"line":165,"column":8},"end":{"line":165,"column":49}},"53":{"start":{"line":168,"column":37},"end":{"line":168,"column":82}},"54":{"start":{"line":169,"column":39},"end":{"line":169,"column":96}},"55":{"start":{"line":171,"column":8},"end":{"line":171,"column":41}},"56":{"start":{"line":172,"column":8},"end":{"line":172,"column":53}},"57":{"start":{"line":173,"column":8},"end":{"line":173,"column":58}},"58":{"start":{"line":176,"column":8},"end":{"line":184,"column":10}},"59":{"start":{"line":188,"column":23},"end":{"line":188,"column":24}},"60":{"start":{"line":190,"column":8},"end":{"line":195,"column":9}},"61":{"start":{"line":191,"column":32},"end":{"line":191,"column":68}},"62":{"start":{"line":192,"column":13},"end":{"line":192,"column":48}},"63":{"start":{"line":193,"column":13},"end":{"line":193,"column":56}},"64":{"start":{"line":194,"column":12},"end":{"line":194,"column":23}},"65":{"start":{"line":197,"column":8},"end":{"line":197,"column":32}},"66":{"start":{"line":205,"column":28},"end":{"line":205,"column":45}},"67":{"start":{"line":207,"column":23},"end":{"line":215,"column":10}},"68":{"start":{"line":217,"column":8},"end":{"line":217,"column":43}},"69":{"start":{"line":219,"column":8},"end":{"line":219,"column":22}},"70":{"start":{"line":29,"column":0},"end":{"line":29,"column":13}},"71":{"start":{"line":224,"column":0},"end":{"line":224,"column":51}}},"fnMap":{"0":{"name":"(anonymous_9)","decl":{"start":{"line":50,"column":4},"end":{"line":50,"column":16}},"loc":{"start":{"line":50,"column":126},"end":{"line":84,"column":5}}},"1":{"name":"(anonymous_10)","decl":{"start":{"line":90,"column":13},"end":{"line":90,"column":17}},"loc":{"start":{"line":90,"column":65},"end":{"line":112,"column":5}}},"2":{"name":"(anonymous_11)","decl":{"start":{"line":106,"column":23},"end":{"line":106,"column":26}},"loc":{"start":{"line":106,"column":28},"end":{"line":111,"column":9}}},"3":{"name":"(anonymous_12)","decl":{"start":{"line":115,"column":12},"end":{"line":115,"column":30}},"loc":{"start":{"line":115,"column":59},"end":{"line":126,"column":5}}},"4":{"name":"(anonymous_13)","decl":{"start":{"line":116,"column":23},"end":{"line":116,"column":26}},"loc":{"start":{"line":116,"column":28},"end":{"line":125,"column":9}}},"5":{"name":"(anonymous_14)","decl":{"start":{"line":129,"column":12},"end":{"line":129,"column":28}},"loc":{"start":{"line":129,"column":57},"end":{"line":141,"column":5}}},"6":{"name":"(anonymous_15)","decl":{"start":{"line":130,"column":23},"end":{"line":130,"column":26}},"loc":{"start":{"line":130,"column":28},"end":{"line":140,"column":9}}},"7":{"name":"(anonymous_16)","decl":{"start":{"line":147,"column":13},"end":{"line":147,"column":18}},"loc":{"start":{"line":147,"column":52},"end":{"line":198,"column":5}}},"8":{"name":"(anonymous_17)","decl":{"start":{"line":204,"column":13},"end":{"line":204,"column":22}},"loc":{"start":{"line":204,"column":22},"end":{"line":220,"column":5}}}},"branchMap":{"0":{"loc":{"start":{"line":55,"column":22},"end":{"line":55,"column":37}},"type":"binary-expr","locations":[{"start":{"line":55,"column":22},"end":{"line":55,"column":28}},{"start":{"line":55,"column":32},"end":{"line":55,"column":37}}]},"1":{"loc":{"start":{"line":56,"column":23},"end":{"line":56,"column":38}},"type":"binary-expr","locations":[{"start":{"line":56,"column":23},"end":{"line":56,"column":30}},{"start":{"line":56,"column":34},"end":{"line":56,"column":38}}]},"2":{"loc":{"start":{"line":57,"column":23},"end":{"line":57,"column":37}},"type":"binary-expr","locations":[{"start":{"line":57,"column":23},"end":{"line":57,"column":30}},{"start":{"line":57,"column":34},"end":{"line":57,"column":37}}]},"3":{"loc":{"start":{"line":58,"column":26},"end":{"line":58,"column":46}},"type":"binary-expr","locations":[{"start":{"line":58,"column":26},"end":{"line":58,"column":36}},{"start":{"line":58,"column":40},"end":{"line":58,"column":46}}]},"4":{"loc":{"start":{"line":59,"column":31},"end":{"line":59,"column":54}},"type":"binary-expr","locations":[{"start":{"line":59,"column":31},"end":{"line":59,"column":46}},{"start":{"line":59,"column":50},"end":{"line":59,"column":54}}]},"5":{"loc":{"start":{"line":61,"column":8},"end":{"line":63,"column":9}},"type":"if","locations":[{"start":{"line":61,"column":8},"end":{"line":63,"column":9}},{"start":{},"end":{}}]},"6":{"loc":{"start":{"line":94,"column":8},"end":{"line":103,"column":9}},"type":"if","locations":[{"start":{"line":94,"column":8},"end":{"line":103,"column":9}},{"start":{"line":101,"column":15},"end":{"line":103,"column":9}}]},"7":{"loc":{"start":{"line":95,"column":12},"end":{"line":98,"column":13}},"type":"if","locations":[{"start":{"line":95,"column":12},"end":{"line":98,"column":13}},{"start":{},"end":{}}]},"8":{"loc":{"start":{"line":150,"column":8},"end":{"line":156,"column":9}},"type":"if","locations":[{"start":{"line":150,"column":8},"end":{"line":156,"column":9}},{"start":{"line":153,"column":15},"end":{"line":156,"column":9}}]},"9":{"loc":{"start":{"line":150,"column":12},"end":{"line":150,"column":69}},"type":"binary-expr","locations":[{"start":{"line":150,"column":12},"end":{"line":150,"column":37}},{"start":{"line":150,"column":41},"end":{"line":150,"column":69}}]},"10":{"loc":{"start":{"line":153,"column":15},"end":{"line":156,"column":9}},"type":"if","locations":[{"start":{"line":153,"column":15},"end":{"line":156,"column":9}},{"start":{},"end":{}}]},"11":{"loc":{"start":{"line":159,"column":8},"end":{"line":161,"column":9}},"type":"if","locations":[{"start":{"line":159,"column":8},"end":{"line":161,"column":9}},{"start":{},"end":{}}]},"12":{"loc":{"start":{"line":159,"column":12},"end":{"line":159,"column":67}},"type":"binary-expr","locations":[{"start":{"line":159,"column":12},"end":{"line":159,"column":36}},{"start":{"line":159,"column":40},"end":{"line":159,"column":67}}]}},"s":{"0":1,"1":1,"2":1,"3":8,"4":8,"5":8,"6":8,"7":8,"8":8,"9":8,"10":8,"11":8,"12":0,"13":8,"14":7,"15":7,"16":7,"17":7,"18":7,"19":7,"20":9,"21":5,"22":2,"23":3,"24":4,"25":7,"26":7,"27":7,"28":7,"29":7,"30":7,"31":7,"32":7,"33":7,"34":7,"35":7,"36":7,"37":7,"38":7,"39":7,"40":7,"41":7,"42":7,"43":7,"44":11,"45":11,"46":5,"47":6,"48":6,"49":11,"50":7,"51":4,"52":4,"53":4,"54":4,"55":4,"56":4,"57":4,"58":4,"59":4,"60":4,"61":64,"62":64,"63":64,"64":64,"65":4,"66":1,"67":1,"68":1,"69":1,"70":1,"71":1},"f":{"0":8,"1":9,"2":7,"3":7,"4":7,"5":7,"6":7,"7":11,"8":1},"b":{"0":[8,7],"1":[8,7],"2":[8,7],"3":[8,7],"4":[8,7],"5":[0,8],"6":[5,4],"7":[2,3],"8":[5,6],"9":[11,11],"10":[6,0],"11":[7,4],"12":[11,6]}}
[...]
},"end":{"line":259,"column":9}}},"8":{"name":"(anonymous_17)","decl":{"start":{"line":271,"column":13},"end":{"line":271,"column":20}},"loc":{"start":{"line":271,"column":46},"end":{"line":305,"column":5}}},"9":{"name":"(anonymous_18)","decl":{"start":{"line":293,"column":48},"end":{"line":293,"column":52}},"loc":{"start":{"line":293,"column":55},"end":{"line":300,"column":17}}},"10":{"name":"(anonymous_19)","decl":{"start":{"line":309,"column":20},"end":{"line":309,"column":24}},"loc":{"start":{"line":309,"column":90},"end":{"line":316,"column":5}}},"11":{"name":"(anonymous_20)","decl":{"start":{"line":329,"column":11},"end":{"line":329,"column":16}},"loc":{"start":{"line":329,"column":120},"end":{"line":353,"column":5}}},"12":{"name":"(anonymous_21)","decl":{"start":{"line":336,"column":49},"end":{"line":336,"column":52}},"loc":{"start":{"line":336,"column":55},"end":{"line":336,"column":74}}},"13":{"name":"(anonymous_22)","decl":{"start":{"line":340,"column":39},"end":{"line":340,"column":42}},"loc":{"start":{"line":340,"column":45},"end":{"line":340,"column":91}}},"14":{"name":"(anonymous_23)","decl":{"start":{"line":343,"column":49},"end":{"line":343,"column":52}},"loc":{"start":{"line":343,"column":55},"end":{"line":343,"column":78}}},"15":{"name":"(anonymous_24)","decl":{"start":{"line":364,"column":11},"end":{"line":364,"column":27}},"loc":{"start":{"line":364,"column":74},"end":{"line":380,"column":5}}},"16":{"name":"(anonymous_25)","decl":{"start":{"line":369,"column":23},"end":{"line":369,"column":26}},"loc":{"start":{"line":369,"column":28},"end":{"line":379,"column":9}}},"17":{"name":"(anonymous_26)","decl":{"start":{"line":383,"column":4},"end":{"line":383,"column":8}},"loc":{"start":{"line":383,"column":22},"end":{"line":385,"column":5}}},"18":{"name":"(anonymous_27)","decl":{"start":{"line":388,"column":4},"end":{"line":388,"column":8}},"loc":{"start":{"line":388,"column":36},"end":{"line":390,"column":5}}}},"branchMap":{"0":{"loc":{"start":{"line":34,"column":20},"end":{"line":34,"column":40}},"type":"binary-expr","locations":[{"start":{"line":34,"column":20},"end":{"line":34,"column":29}},{"start":{"line":34,"column":33},"end":{"line":34,"column":40}}]},"1":{"loc":{"start":{"line":62,"column":8},"end":{"line":64,"column":9}},"type":"if","locations":[{"start":{"line":62,"column":8},"end":{"line":64,"column":9}},{"start":{},"end":{}}]},"2":{"loc":{"start":{"line":66,"column":8},"end":{"line":89,"column":9}},"type":"if","locations":[{"start":{"line":66,"column":8},"end":{"line":89,"column":9}},{"start":{"line":87,"column":15},"end":{"line":89,"column":9}}]},"3":{"loc":{"start":{"line":67,"column":12},"end":{"line":73,"column":13}},"type":"if","locations":[{"start":{"line":67,"column":12},"end":{"line":73,"column":13}},{"start":{},"end":{}}]},"4":{"loc":{"start":{"line":78,"column":18},"end":{"line":80,"column":64}},"type":"binary-expr","locations":[{"start":{"line":78,"column":18},"end":{"line":78,"column":57}},{"start":{"line":79,"column":21},"end":{"line":79,"column":63}},{"start":{"line":80,"column":21},"end":{"line":80,"column":64}}]},"5":{"loc":{"start":{"line":82,"column":12},"end":{"line":86,"column":13}},"type":"if","locations":[{"start":{"line":82,"column":12},"end":{"line":86,"column":13}},{"start":{"line":84,"column":19},"end":{"line":86,"column":13}}]},"6":{"loc":{"start":{"line":87,"column":15},"end":{"line":89,"column":9}},"type":"if","locations":[{"start":{"line":87,"column":15},"end":{"line":89,"column":9}},{"start":{},"end":{}}]},"7":{"loc":{"start":{"line":121,"column":12},"end":{"line":121,"column":52}},"type":"binary-expr","locations":[{"start":{"line":121,"column":12},"end":{"line":121,"column":46}},{"start":{"line":121,"column":50},"end":{"line":121,"column":52}}]},"8":{"loc":{"start":{"line":145,"column":16},"end":{"line":147,"column":17}},"type":"if","locations":[{"start":{"line":145,"column":16},"end":{"line":147,"column":17}},{"start":{},"end":{}}]},"9":{"loc":{"start":{"line":152,"column":16},"end":{"line":154,"column":17}},"type":"if","locations":[{"start":{"line":152,"column":16},"end":{"line":154,"column":17}},{"start":{},"end":{}}]},"10":{"loc":{"start":{"line":152,"column":20},"end":{"line":152,"column":84}},"type":"binary-expr","locations":[{"start":{"line":152,"column":20},"end":{"line":152,"column":39}},{"start":{"line":152,"column":43},"end":{"line":152,"column":84}}]},"11":{"loc":{"start":{"line":167,"column":54},"end":{"line":167,"column":89}},"type":"binary-expr","locations":[{"start":{"line":167,"column":54},"end":{"line":167,"column":84}},{"start":{"line":167,"column":88},"end":{"line":167,"column":89}}]},"12":{"loc":{"start":{"line":176,"column":67},"end":{"line":176,"column":111}},"type":"binary-expr","locations":[{"start":{"line":176,"column":67},"end":{"line":176,"column":106}},{"start":{"line":176,"column":110},"end":{"line":176,"column":111}}]},"13":{"loc":{"start":{"line":186,"column":16},"end":{"line":188,"column":17}},"type":"if","locations":[{"start":{"line":186,"column":16},"end":{"line":188,"column":17}},{"start":{},"end":{}}]},"14":{"loc":{"start":{"line":195,"column":16},"end":{"line":197,"column":17}},"type":"if","locations":[{"start":{"line":195,"column":16},"end":{"line":197,"column":17}},{"start":{},"end":{}}]},"15":{"loc":{"start":{"line":209,"column":12},"end":{"line":211,"column":13}},"type":"if","locations":[{"start":{"line":209,"column":12},"end":{"line":211,"column":13}},{"start":{},"end":{}}]},"16":{"loc":{"start":{"line":254,"column":25},"end":{"line":256,"column":43}},"type":"cond-expr","locations":[{"start":{"line":255,"column":18},"end":{"line":255,"column":58}},{"start":{"line":256,"column":18},"end":{"line":256,"column":43}}]},"17":{"loc":{"start":{"line":272,"column":8},"end":{"line":274,"column":9}},"type":"if","locations":[{"start":{"line":272,"column":8},"end":{"line":274,"column":9}},{"start":{},"end":{}}]},"18":{"loc":{"start":{"line":277,"column":8},"end":{"line":302,"column":9}},"type":"if","locations":[{"start":{"line":277,"column":8},"end":{"line":302,"column":9}},{"start":{},"end":{}}]},"19":{"loc":{"start":{"line":279,"column":12},"end":{"line":301,"column":13}},"type":"if","locations":[{"start":{"line":279,"column":12},"end":{"line":301,"column":13}},{"start":{"line":287,"column":19},"end":{"line":301,"column":13}}]},"20":{"loc":{"start":{"line":279,"column":16},"end":{"line":279,"column":79}},"type":"binary-expr","locations":[{"start":{"line":279,"column":16},"end":{"line":279,"column":47}},{"start":{"line":279,"column":51},"end":{"line":279,"column":79}}]},"21":{"loc":{"start":{"line":281,"column":20},"end":{"line":284,"column":21}},"type":"if","locations":[{"start":{"line":281,"column":20},"end":{"line":284,"column":21}},{"start":{},"end":{}}]},"22":{"loc":{"start":{"line":283,"column":43},"end":{"line":283,"column":94}},"type":"binary-expr","locations":[{"start":{"line":283,"column":43},"end":{"line":283,"column":75}},{"start":{"line":283,"column":79},"end":{"line":283,"column":94}}]},"23":{"loc":{"start":{"line":289,"column":16},"end":{"line":291,"column":17}},"type":"if","locations":[{"start":{"line":289,"column":16},"end":{"line":291,"column":17}},{"start":{},"end":{}}]},"24":{"loc":{"start":{"line":294,"column":20},"end":{"line":297,"column":21}},"type":"if","locations":[{"start":{"line":294,"column":20},"end":{"line":297,"column":21}},{"start":{},"end":{}}]},"25":{"loc":{"start":{"line":296,"column":32},"end":{"line":296,"column":61}},"type":"binary-expr","locations":[{"start":{"line":296,"column":32},"end":{"line":296,"column":53}},{"start":{"line":296,"column":57},"end":{"line":296,"column":61}}]},"26":{"loc":{"start":{"line":310,"column":34},"end":{"line":310,"column":66}},"type":"binary-expr","locations":[{"start":{"line":310,"column":34},"end":{"line":310,"column":58}},{"start":{"line":310,"column":62},"end":{"line":310,"column":66}}]},"27":{"loc":{"start":{"line":330,"column":8},"end":{"line":332,"column":9}},"type":"if","locations":[{"start":{"line":330,"column":8},"end":{"line":332,"column":9}},{"start":{},"end":{}}]},"28":{"loc":{"start":{"line":338,"column":15},"end":{"line":338,"column":81}},"type":"binary-expr","locations":[{"start":{"line":338,"column":15},"end":{"line":338,"column":35}},{"start":{"line":338,"column":39},"end":{"line":338,"column":81}}]},"29":{"loc":{"start":{"line":365,"column":8},"end":{"line":367,"column":9}},"type":"if","locations":[{"start":{"line":365,"column":8},"end":{"line":367,"column":9}},{"start":{},"end":{}}]}},"s":{"0":1,"1":1,"2":1,"3":1,"4":1,"5":1,"6":1,"7":1,"8":1,"9":0,"10":0,"11":0,"12":0,"13":0,"14":0,"15":0,"16":0,"17":0,"18":0,"19":0,"20":0,"21":0,"22":0,"23":0,"24":0,"25":0,"26":0,"27":0,"28":0,"29":0,"30":0,"31":0,"32":0,"33":0,"34":0,"35":0,"36":0,"37":0,"38":0,"39":0,"40":0,"41":0,"42":0,"43":0,"44":0,"45":0,"46":0,"47":0,"48":0,"49":0,"50":0,"51":0,"52":0,"53":0,"54":0,"55":0,"56":0,"57":0,"58":0,"59":0,"60":0,"61":0,"62":0,"63":0,"64":0,"65":0,"66":0,"67":0,"68":0,"69":0,"70":0,"71":0,"72":0,"73":0,"74":0,"75":0,"76":0,"77":0,"78":0,"79":0,"80":0,"81":0,"82":0,"83":0,"84":0,"85":0,"86":0,"87":0,"88":0,"89":0,"90":0,"91":1,"92":0,"93":1,"94":1,"95":0,"96":0,"97":0,"98":0,"99":1,"100":0,"101":1,"102":1,"103":1,"104":0,"105":1,"106":0,"107":0,"108":0,"109":0,"110":0,"111":0,"112":0,"113":0,"114":0,"115":0,"116":0,"117":0,"118":0,"119":0,"120":0,"121":0,"122":0,"123":0,"124":0,"125":0,"126":0,"127":0,"128":0,"129":0,"130":0,"131":0,"132":1,"133":1},"f":{"0":1,"1":0,"2":0,"3":0,"4":0,"5":0,"6":0,"7":0,"8":1,"9":1,"10":0,"11":0,"12":0,"13":0,"14":0,"15":0,"16":0,"17":0,"18":0},"b":{"0":[1,0],"1":[0,0],"2":[0,0],"3":[0,0],"4":[0,0,0],"5":[0,0],"6":[0,0],"7":[0,0],"8":[0,0],"9":[0,0],"10":[0,0],"11":[0,0],"12":[0,0],"13":[0,0],"14":[0,0],"15":[0,0],"16":[0,0],"17":[0,1],"18":[1,0],"19":[0,1],"20":[1,1],"21":[0,0],"22":[0,0],"23":[0,1],"24":[1,0],"25":[1,0],"26":[0,0],"27":[0,0],"28":[0,0],"29":[0,0]}}
,"/Volumes/D/dev/tfjs-stellar/src/models/u_net.ts": {"path":"/Volumes/D/dev/tfjs-stellar/src/models/u_net.ts","statementMap":{"0":{"start":{"line":71,"column":0},"end":{"line":71,"column":16}},"1":{"start":{"line":118,"column":0},"end":{"line":118,"column":7}},"2":{"start":{"line":1,"column":0},"end":{"line":1,"column":39}},"3":{"start":{"line":52,"column":12},"end":{"line":52,"column":16}},"4":{"start":{"line":54,"column":8},"end":{"line":54,"column":66}},"5":{"start":{"line":56,"column":8},"end":{"line":60,"column":11}},"6":{"start":{"line":65,"column":8},"end":{"line":65,"column":54}},"7":{"start":{"line":66,"column":9},"end":{"line":66,"column":83}},"8":{"start":{"line":40,"column":0},"end":{"line":40,"column":13}},"9":{"start":{"line":72,"column":4},"end":{"line":74,"column":5}},"10":{"start":{"line":73,"column":8},"end":{"line":73,"column":70}},"11":{"start":{"line":76,"column":40},"end":{"line":76,"column":50}},"12":{"start":{"line":77,"column":24},"end":{"line":77,"column":34}},"13":{"start":{"line":79,"column":4},"end":{"line":82,"column":5}},"14":{"start":{"line":81,"column":8},"end":{"line":81,"column":null}},"15":{"start":{"line":84,"column":18},"end":{"line":84,"column":49}},"16":{"start":{"line":86,"column":49},"end":{"line":86,"column":51}},"17":{"start":{"line":88,"column":12},"end":{"line":88,"column":17}},"18":{"start":{"line":91,"column":25},"end":{"line":91,"column":84}},"19":{"start":{"line":91,"column":65},"end":{"line":91,"column":83}},"20":{"start":{"line":93,"column":4},"end":{"line":98,"column":5}},"21":{"start":{"line":94,"column":28},"end":{"line":94,"column":112}},"22":{"start":{"line":96,"column":8},"end":{"line":96,"column":134}},"23":{"start":{"line":97,"column":8},"end":{"line":97,"column":42}},"24":{"start":{"line":100,"column":4},"end":{"line":100,"column":89}},"25":{"start":{"line":102,"column":4},"end":{"line":104,"column":5}},"26":{"start":{"line":102,"column":17},"end":{"line":102,"column":40}},"27":{"start":{"line":103,"column":8},"end":{"line":103,"column":121}},"28":{"start":{"line":106,"column":19},"end":{"line":112,"column":36}},"29":{"start":{"line":114,"column":4},"end":{"line":114,"column":71}},"30":{"start":{"line":119,"column":18},"end":{"line":119,"column":68}},"31":{"start":{"line":120,"column":17},"end":{"line":120,"column":63}},"32":{"start":{"line":121,"column":30},"end":{"line":121,"column":35}},"33":{"start":{"line":122,"column":4},"end":{"line":122,"column":30}},"34":{"start":{"line":124,"column":4},"end":{"line":124,"column":16}},"35":{"start":{"line":143,"column":18},"end":{"line":150,"column":6}},"36":{"start":{"line":151,"column":18},"end":{"line":151,"column":60}},"37":{"start":{"line":153,"column":18},"end":{"line":160,"column":6}},"38":{"start":{"line":161,"column":18},"end":{"line":161,"column":60}},"39":{"start":{"line":163,"column":18},"end":{"line":163,"column":32}},"40":{"start":{"line":165,"column":4},"end":{"line":167,"column":5}},"41":{"start":{"line":166,"column":8},"end":{"line":166,"column":95}},"42":{"start":{"line":169,"column":4},"end":{"line":169,"column":35}},"43":{"start":{"line":171,"column":4},"end":{"line":171,"column":35}},"44":{"start":{"line":173,"column":4},"end":{"line":175,"column":5}},"45":{"start":{"line":174,"column":8},"end":{"line":174,"column":95}},"46":{"start":{"line":177,"column":4},"end":{"line":203,"column":5}},"47":{"start":{"line":178,"column":28},"end":{"line":178,"column":29}},"48":{"start":{"line":180,"column":8},"end":{"line":191,"column":9}},"49":{"start":{"line":183,"column":12},"end":{"line":190,"column":45}},"50":{"start":{"line":193,"column":8},"end":{"line":197,"column":9}},"51":{"start":{"line":194,"column":12},"end":{"line":196,"column":57}},"52":{"start":{"line":199,"column":8},"end":{"line":202,"column":null}},"53":{"start":{"line":205,"column":4},"end":{"line":205,"column":35}},"54":{"start":{"line":207,"column":4},"end":{"line":207,"column":40}},"55":{"start":{"line":225,"column":19},"end":{"line":232,"column":6}},"56":{"start":{"line":234,"column":19},"end":{"line":234,"column":90}},"57":{"start":{"line":236,"column":18},"end":{"line":236,"column":54}},"58":{"start":{"line":237,"column":4},"end":{"line":237,"column":65}},"59":{"start":{"line":239,"column":4},"end":{"line":239,"column":73}}},"fnMap":{"0":{"name":"(anonymous_9)","decl":{"start":{"line":42,"column":4},"end":{"line":42,"column":16}},"loc":{"start":{"line":42,"column":35},"end":{"line":61,"column":5}}},"1":{"name":"(anonymous_10)","decl":{"start":{"line":64,"column":13},"end":{"line":64,"column":20}},"loc":{"start":{"line":64,"column":123},"end":{"line":67,"column":5}}},"2":{"name":"createUNet","decl":{"start":{"line":71,"column":16},"end":{"line":71,"column":26}},"loc":{"start":{"line":71,"column":146},"end":{"line":115,"column":1}}},"3":{"name":"(anonymous_12)","decl":{"start":{"line":91,"column":55},"end":{"line":91,"column":56}},"loc":{"start":{"line":91,"column":65},"end":{"line":91,"column":83}}},"4":{"name":"loadUNetModel","decl":{"start":{"line":118,"column":22},"end":{"line":118,"column":35}},"loc":{"start":{"line":118,"column":106},"end":{"line":125,"column":1}}},"5":{"name":"contractionBlock","decl":{"start":{"line":141,"column":9},"end":{"line":141,"column":25}},"loc":{"start":{"line":141,"column":116},"end":{"line":208,"column":1}}},"6":{"name":"expansionBlock","decl":{"start":{"line":223,"column":9},"end":{"line":223,"column":23}},"loc":{"start":{"line":223,"column":139},"end":{"line":240,"column":1}}}},"branchMap":{"0":{"loc":{"start":{"line":46,"column":12},"end":{"line":46,"column":59}},"type":"default-arg","locations":[{"start":{"line":46,"column":25},"end":{"line":46,"column":59}}]},"1":{"loc":{"start":{"line":46,"column":25},"end":{"line":46,"column":59}},"type":"cond-expr","locations":[{"start":{"line":46,"column":38},"end":{"line":46,"column":47}},{"start":{"line":46,"column":50},"end":{"line":46,"column":59}}]},"2":{"loc":{"start":{"line":48,"column":12},"end":{"line":48,"column":28}},"type":"default-arg","locations":[{"start":{"line":48,"column":23},"end":{"line":48,"column":28}}]},"3":{"loc":{"start":{"line":49,"column":12},"end":{"line":49,"column":29}},"type":"default-arg","locations":[{"start":{"line":49,"column":24},"end":{"line":49,"column":29}}]},"4":{"loc":{"start":{"line":50,"column":12},"end":{"line":50,"column":40}},"type":"default-arg","locations":[{"start":{"line":50,"column":25},"end":{"line":50,"column":40}}]},"5":{"loc":{"start":{"line":54,"column":30},"end":{"line":54,"column":65}},"type":"binary-expr","locations":[{"start":{"line":54,"column":30},"end":{"line":54,"column":49}},{"start":{"line":54,"column":53},"end":{"line":54,"column":65}}]},"6":{"loc":{"start":{"line":71,"column":64},"end":{"line":71,"column":80}},"type":"default-arg","locations":[{"start":{"line":71,"column":75},"end":{"line":71,"column":80}}]},"7":{"loc":{"start":{"line":71,"column":82},"end":{"line":71,"column":99}},"type":"default-arg","locations":[{"start":{"line":71,"column":94},"end":{"line":71,"column":99}}]},"8":{"loc":{"start":{"line":71,"column":101},"end":{"line":71,"column":129}},"type":"default-arg","locations":[{"start":{"line":71,"column":114},"end":{"line":71,"column":129}}]},"9":{"loc":{"start":{"line":72,"column":4},"end":{"line":74,"column":5}},"type":"if","locations":[{"start":{"line":72,"column":4},"end":{"line":74,"column":5}},{"start":{},"end":{}}]},"10":{"loc":{"start":{"line":79,"column":4},"end":{"line":82,"column":5}},"type":"if","locations":[{"start":{"line":79,"column":4},"end":{"line":82,"column":5}},{"start":{},"end":{}}]},"11":{"loc":{"start":{"line":79,"column":8},"end":{"line":80,"column":61}},"type":"binary-expr","locations":[{"start":{"line":79,"column":9},"end":{"line":79,"column":29}},{"start":{"line":79,"column":33},"end":{"line":79,"column":64}},{"start":{"line":80,"column":8},"end":{"line":80,"column":27}},{"start":{"line":80,"column":31},"end":{"line":80,"column":61}}]},"12":{"loc":{"start":{"line":110,"column":20},"end":{"line":110,"column":70}},"type":"binary-expr","locations":[{"start":{"line":110,"column":20},"end":{"line":110,"column":30}},{"start":{"line":110,"column":35},"end":{"line":110,"column":69}}]},"13":{"loc":{"start":{"line":110,"column":35},"end":{"line":110,"column":69}},"type":"cond-expr","locations":[{"start":{"line":110,"column":48},"end":{"line":110,"column":57}},{"start":{"line":110,"column":60},"end":{"line":110,"column":69}}]},"14":{"loc":{"start":{"line":165,"column":4},"end":{"line":167,"column":5}},"type":"if","locations":[{"start":{"line":165,"column":4},"end":{"line":167,"column":5}},{"start":{},"end":{}}]},"15":{"loc":{"start":{"line":173,"column":4},"end":{"line":175,"column":5}},"type":"if","locations":[{"start":{"line":173,"column":4},"end":{"line":175,"column":5}},{"start":{},"end":{}}]},"16":{"loc":{"start":{"line":177,"column":4},"end":{"line":203,"column":5}},"type":"if","locations":[{"start":{"line":177,"column":4},"end":{"line":203,"column":5}},{"start":{},"end":{}}]},"17":{"loc":{"start":{"line":180,"column":8},"end":{"line":191,"column":9}},"type":"if","locations":[{"start":{"line":180,"column":8},"end":{"line":191,"column":9}},{"start":{},"end":{}}]},"18":{"loc":{"start":{"line":193,"column":8},"end":{"line":197,"column":9}},"type":"if","locations":[{"start":{"line":193,"column":8},"end":{"line":197,"column":9}},{"start":{},"end":{}}]}},"s":{"0":1,"1":1,"2":1,"3":0,"4":0,"5":0,"6":0,"7":0,"8":1,"9":0,"10":0,"11":0,"12":0,"13":0,"14":0,"15":0,"16":0,"17":0,"18":0,"19":0,"20":0,"21":0,"22":0,"23":0,"24":0,"25":0,"26":0,"27":0,"28":0,"29":0,"30":0,"31":0,"32":0,"33":0,"34":0,"35":0,"36":0,"37":0,"38":0,"39":0,"40":0,"41":0,"42":0,"43":0,"44":0,"45":0,"46":0,"47":0,"48":0,"49":0,"50":0,"51":0,"52":0,"53":0,"54":0,"55":0,"56":0,"57":0,"58":0,"59":0},"f":{"0":0,"1":0,"2":0,"3":0,"4":0,"5":0,"6":0},"b":{"0":[0],"1":[0,0],"2":[0],"3":[0],"4":[0],"5":[0,0],"6":[0],"7":[0],"8":[0],"9":[0,0],"10":[0,0],"11":[0,0,0,0],"12":[0,0],"13":[0,0],"14":[0,0],"15":[0,0],"16":[0,0],"17":[0,0],"18":[0,0]}}
}
