TN:
SF:src/kv_cache.ts
FN:13,kvCacheContainer
FN:18,kvCache
FN:31,(anonymous_11)
FN:40,(anonymous_12)
FN:53,(anonymous_13)
FN:65,(anonymous_14)
FN:81,(anonymous_15)
FN:82,(anonymous_16)
FN:88,(anonymous_17)
FN:89,(anonymous_18)
FN:95,(anonymous_19)
FN:101,(anonymous_20)
FN:120,(anonymous_21)
FN:136,(anonymous_22)
FN:168,(anonymous_23)
FN:171,(anonymous_24)
FN:189,(anonymous_25)
FN:192,(anonymous_26)
FN:202,(anonymous_27)
FN:211,(anonymous_28)
FNF:20
FNH:10
FNDA:0,kvCacheContainer
FNDA:0,kvCache
FNDA:5,(anonymous_11)
FNDA:10,(anonymous_12)
FNDA:67,(anonymous_13)
FNDA:56,(anonymous_14)
FNDA:0,(anonymous_15)
FNDA:0,(anonymous_16)
FNDA:0,(anonymous_17)
FNDA:0,(anonymous_18)
FNDA:8,(anonymous_19)
FNDA:0,(anonymous_20)
FNDA:10,(anonymous_21)
FNDA:57,(anonymous_22)
FNDA:112,(anonymous_23)
FNDA:112,(anonymous_24)
FNDA:0,(anonymous_25)
FNDA:0,(anonymous_26)
FNDA:0,(anonymous_27)
FNDA:120,(anonymous_28)
DA:1,1
DA:13,1
DA:14,0
DA:18,1
DA:19,0
DA:26,1
DA:27,5
DA:32,5
DA:33,0
DA:36,5
DA:41,10
DA:46,10
DA:54,67
DA:56,67
DA:57,10
DA:60,57
DA:65,56
DA:66,56
DA:69,56
DA:73,56
DA:82,0
DA:83,0
DA:89,0
DA:90,0
DA:97,8
DA:102,0
DA:107,1
DA:113,10
DA:121,10
DA:123,10
DA:124,10
DA:126,10
DA:127,10
DA:128,10
DA:129,10
DA:137,57
DA:138,57
DA:140,57
DA:141,0
DA:145,57
DA:146,1
DA:149,56
DA:150,56
DA:152,56
DA:153,56
DA:155,56
DA:156,56
DA:159,56
DA:161,56
DA:169,112
DA:171,112
DA:173,112
DA:177,112
DA:184,112
DA:190,0
DA:192,0
DA:193,0
DA:194,0
DA:196,0
DA:197,0
DA:203,0
DA:204,0
DA:212,120
LF:63
LH:46
BRDA:32,0,0,0
BRDA:32,0,1,5
BRDA:56,1,0,10
BRDA:56,1,1,57
BRDA:97,2,0,8
BRDA:97,2,1,0
BRDA:120,3,0,10
BRDA:140,4,0,0
BRDA:140,4,1,57
BRDA:145,5,0,1
BRDA:145,5,1,56
BRF:11
BRH:8
end_of_record
TN:
SF:src/masks.ts
FN:9,causal
FN:27,packing
FN:30,(anonymous_11)
FNF:3
FNH:3
FNDA:27,causal
FNDA:2,packing
FNDA:2,(anonymous_11)
DA:1,6
DA:9,6
DA:10,27
DA:27,6
DA:30,2
DA:32,2
DA:34,2
LF:7
LH:7
BRF:0
BRH:0
end_of_record
TN:
SF:src/utils.ts
FN:12,getScaleShape
FN:37,getRandomCropStart
FN:68,getPaddingForSegmentation
FNF:3
FNH:2
FNDA:9,getScaleShape
FNDA:202,getRandomCropStart
FNDA:0,getPaddingForSegmentation
DA:12,1
DA:13,9
DA:14,9
DA:25,9
DA:26,9
DA:37,1
DA:41,202
DA:42,202
DA:44,202
DA:45,1
DA:51,201
DA:68,1
DA:69,0
DA:71,0
DA:73,0
LF:15
LH:12
BRDA:44,0,0,1
BRDA:44,0,1,201
BRDA:44,1,0,202
BRDA:44,1,1,201
BRF:4
BRH:4
end_of_record
TN:
SF:src/layers/cached_rope_multihead_attention.ts
FN:21,(anonymous_9)
FN:27,(anonymous_10)
FN:35,(anonymous_11)
FN:72,(anonymous_12)
FN:96,(anonymous_13)
FN:100,(anonymous_14)
FNF:6
FNH:6
FNDA:40,(anonymous_9)
FNDA:90,(anonymous_10)
FNDA:90,(anonymous_11)
FNDA:57,(anonymous_12)
FNDA:90,(anonymous_13)
FNDA:90,(anonymous_14)
DA:1,4
DA:3,4
DA:4,4
DA:16,4
DA:17,4
DA:22,40
DA:23,38
DA:35,90
DA:36,90
DA:39,90
DA:41,90
DA:43,90
DA:44,90
DA:45,90
DA:47,90
DA:49,57
DA:52,56
DA:53,56
DA:57,89
DA:63,88
DA:67,88
DA:73,57
DA:74,57
DA:76,56
DA:77,10
DA:83,10
DA:86,56
DA:88,1
DA:97,90
DA:98,90
DA:100,90
DA:101,90
DA:113,4
LF:33
LH:33
BRDA:47,0,0,57
BRDA:47,0,1,33
BRDA:47,1,0,90
BRDA:47,1,1,89
BRDA:59,2,0,89
BRDA:59,2,1,89
BRDA:76,3,0,10
BRDA:76,3,1,46
BRF:8
BRH:8
end_of_record
TN:
SF:src/layers/gpt_decoder_block.ts
FN:29,(anonymous_9)
FN:38,(anonymous_10)
FN:39,(anonymous_11)
FN:56,(anonymous_12)
FN:57,(anonymous_13)
FNF:5
FNH:5
FNDA:1,(anonymous_9)
FNDA:1,(anonymous_10)
FNDA:1,(anonymous_11)
FNDA:1,(anonymous_12)
FNDA:1,(anonymous_13)
DA:1,1
DA:5,1
DA:25,1
DA:26,1
DA:30,1
DA:39,1
DA:40,1
DA:42,1
DA:43,1
DA:44,1
DA:45,1
DA:47,1
DA:57,1
DA:58,1
DA:60,1
DA:61,1
DA:62,1
DA:63,1
DA:64,1
DA:66,1
DA:77,1
LF:21
LH:21
BRF:0
BRH:0
end_of_record
TN:
SF:src/layers/multihead_attention.ts
FN:67,(anonymous_9)
FN:99,(anonymous_10)
FN:137,(anonymous_11)
FN:149,(anonymous_12)
FN:174,(anonymous_13)
FN:178,(anonymous_14)
FN:188,(anonymous_15)
FN:195,(anonymous_16)
FN:216,(anonymous_17)
FN:227,(anonymous_18)
FN:230,(anonymous_19)
FN:300,(anonymous_20)
FN:347,(anonymous_21)
FN:352,(anonymous_22)
FNF:14
FNH:14
FNDA:48,(anonymous_9)
FNDA:109,(anonymous_10)
FNDA:7,(anonymous_11)
FNDA:7,(anonymous_12)
FNDA:97,(anonymous_13)
FNDA:97,(anonymous_14)
FNDA:7,(anonymous_15)
FNDA:7,(anonymous_16)
FNDA:100,(anonymous_17)
FNDA:100,(anonymous_18)
FNDA:395,(anonymous_19)
FNDA:35,(anonymous_20)
FNDA:7,(anonymous_21)
FNDA:11,(anonymous_22)
DA:1,5
DA:4,5
DA:51,5
DA:52,5
DA:68,48
DA:70,48
DA:71,3
DA:74,45
DA:75,45
DA:76,45
DA:77,45
DA:78,45
DA:80,45
DA:81,0
DA:86,45
DA:87,45
DA:88,45
DA:89,45
DA:107,109
DA:108,90
DA:112,109
DA:113,1
DA:116,108
DA:117,121
DA:118,11
DA:122,97
DA:123,97
DA:124,97
DA:126,97
DA:149,7
DA:150,7
DA:153,7
DA:157,7
DA:160,7
DA:166,7
DA:169,7
DA:178,97
DA:179,97
DA:192,7
DA:193,7
DA:195,7
DA:196,7
DA:227,100
DA:228,100
DA:230,100
DA:231,395
DA:232,1
DA:241,99
DA:245,99
DA:247,99
DA:248,26
DA:249,2
DA:254,24
DA:255,0
DA:257,24
DA:261,97
DA:262,1
DA:265,0
DA:269,1
DA:279,97
DA:284,97
DA:287,1
DA:290,97
DA:292,97
DA:293,97
DA:295,97
DA:301,35
DA:303,35
DA:304,3
DA:306,32
DA:309,35
DA:310,1
DA:314,34
DA:315,34
DA:316,34
DA:317,34
DA:322,34
DA:331,34
DA:333,34
DA:334,268
DA:335,268
DA:336,268
DA:337,268
DA:340,34
DA:348,7
DA:353,11
DA:355,11
DA:364,11
DA:366,11
DA:371,5
LF:90
LH:87
BRDA:67,0,0,18
BRDA:67,1,0,18
BRDA:67,2,0,9
BRDA:70,3,0,3
BRDA:70,3,1,45
BRDA:80,4,0,0
BRDA:80,4,1,45
BRDA:107,5,0,90
BRDA:107,5,1,19
BRDA:112,6,0,1
BRDA:112,6,1,108
BRDA:112,7,0,109
BRDA:112,7,1,13
BRDA:117,8,0,11
BRDA:117,8,1,110
BRDA:123,9,0,97
BRDA:123,9,1,97
BRDA:124,10,0,97
BRDA:124,10,1,97
BRDA:126,11,0,5
BRDA:126,11,1,92
BRDA:162,12,0,7
BRDA:162,12,1,7
BRDA:225,13,0,2
BRDA:228,14,0,99
BRDA:231,15,0,1
BRDA:231,15,1,394
BRDA:247,16,0,26
BRDA:247,16,1,73
BRDA:247,17,0,99
BRDA:247,17,1,83
BRDA:248,18,0,2
BRDA:248,18,1,24
BRDA:248,19,0,26
BRDA:248,19,1,2
BRDA:254,20,0,0
BRDA:254,20,1,24
BRDA:261,21,0,1
BRDA:261,21,1,96
BRDA:262,22,0,0
BRDA:262,22,1,1
BRDA:281,23,0,97
BRDA:281,23,1,97
BRDA:284,24,0,1
BRDA:284,24,1,96
BRDA:292,25,0,1
BRDA:292,25,1,96
BRDA:303,26,0,3
BRDA:303,26,1,32
BRDA:303,27,0,35
BRDA:303,27,1,35
BRDA:309,28,0,1
BRDA:309,28,1,34
BRDA:309,29,0,35
BRDA:309,29,1,35
BRDA:348,30,0,0
BRDA:348,30,1,7
BRDA:348,31,0,7
BRDA:348,31,1,7
BRF:59
BRH:55
end_of_record
TN:
SF:src/layers/positional_encoding.ts
FN:31,(anonymous_9)
FN:57,(anonymous_10)
FN:75,(anonymous_11)
FN:87,(anonymous_12)
FN:88,(anonymous_13)
FN:138,(anonymous_14)
FN:143,(anonymous_15)
FNF:7
FNH:7
FNDA:19,(anonymous_9)
FNDA:9,(anonymous_10)
FNDA:4,(anonymous_11)
FNDA:8,(anonymous_12)
FNDA:8,(anonymous_13)
FNDA:2,(anonymous_14)
FNDA:1,(anonymous_15)
DA:1,2
DA:24,2
DA:25,2
DA:32,19
DA:34,19
DA:35,19
DA:37,19
DA:38,3
DA:42,16
DA:43,2
DA:48,14
DA:59,9
DA:60,9
DA:62,9
DA:63,3
DA:67,6
DA:69,2
DA:75,4
DA:76,4
DA:88,8
DA:89,8
DA:93,8
DA:103,8
DA:105,8
DA:107,8
DA:108,8
DA:114,8
DA:115,8
DA:116,8
DA:117,8
DA:119,8
DA:120,102
DA:122,102
DA:126,102
DA:131,8
DA:134,8
DA:139,2
DA:144,1
DA:146,1
DA:151,1
DA:153,1
DA:158,2
LF:42
LH:42
BRDA:34,0,0,19
BRDA:34,0,1,2
BRDA:37,1,0,3
BRDA:37,1,1,16
BRDA:42,2,0,2
BRDA:42,2,1,14
BRDA:59,3,0,1
BRDA:59,3,1,8
BRDA:62,4,0,3
BRDA:62,4,1,6
BRDA:62,5,0,9
BRDA:62,5,1,6
BRDA:67,6,0,2
BRDA:67,6,1,4
BRDA:122,7,0,102
BRDA:122,7,1,0
BRF:16
BRH:15
end_of_record
TN:
SF:src/layers/rotary_position_embedding.ts
FN:5,applyRope
FN:6,(anonymous_10)
FN:21,rotateHalf
FN:22,(anonymous_12)
FN:40,createRoPECache
FN:41,(anonymous_14)
FN:95,(anonymous_15)
FN:116,(anonymous_16)
FN:134,(anonymous_17)
FN:156,(anonymous_18)
FNF:10
FNH:10
FNDA:183,applyRope
FNDA:183,(anonymous_10)
FNDA:183,rotateHalf
FNDA:183,(anonymous_12)
FNDA:36,createRoPECache
FNDA:36,(anonymous_14)
FNDA:43,(anonymous_15)
FNDA:183,(anonymous_16)
FNDA:36,(anonymous_17)
FNDA:2,(anonymous_18)
DA:1,5
DA:5,5
DA:6,183
DA:7,183
DA:10,183
DA:11,183
DA:14,183
DA:16,183
DA:21,5
DA:22,183
DA:27,183
DA:29,183
DA:30,183
DA:33,183
DA:35,183
DA:40,5
DA:41,36
DA:43,36
DA:48,36
DA:50,36
DA:53,36
DA:56,36
DA:84,5
DA:85,5
DA:96,43
DA:98,43
DA:99,1
DA:102,42
DA:103,42
DA:104,42
DA:106,42
DA:110,42
DA:117,183
DA:118,183
DA:120,183
DA:122,2
DA:123,2
DA:126,183
DA:135,36
DA:138,36
DA:139,36
DA:141,36
DA:142,36
DA:144,36
DA:149,36
DA:157,2
DA:163,5
LF:47
LH:47
BRDA:40,0,0,0
BRDA:95,1,0,38
BRDA:95,2,0,42
BRDA:98,3,0,1
BRDA:98,3,1,42
BRDA:117,4,0,1
BRDA:117,4,1,182
BRDA:120,5,0,2
BRDA:120,5,1,181
BRDA:127,6,0,1
BRDA:127,6,1,182
BRDA:157,7,0,1
BRDA:157,7,1,1
BRF:13
BRH:12
end_of_record
TN:
SF:src/layers/token_and_positional_embedding.ts
FN:41,(anonymous_9)
FN:70,(anonymous_10)
FN:76,(anonymous_11)
FN:88,(anonymous_12)
FN:124,(anonymous_13)
FN:132,(anonymous_14)
FNF:6
FNH:6
FNDA:12,(anonymous_9)
FNDA:5,(anonymous_10)
FNDA:4,(anonymous_11)
FNDA:6,(anonymous_12)
FNDA:1,(anonymous_13)
FNDA:1,(anonymous_14)
DA:1,1
DA:5,1
DA:27,1
DA:28,1
DA:42,12
DA:44,12
DA:45,12
DA:46,12
DA:47,12
DA:49,12
DA:50,0
DA:53,12
DA:58,10
DA:63,9
DA:71,5
DA:72,1
DA:76,4
DA:77,4
DA:78,2
DA:80,2
DA:89,6
DA:92,6
DA:94,1
DA:95,5
DA:97,5
DA:100,6
DA:101,2
DA:107,4
DA:108,4
DA:111,4
DA:116,4
DA:125,1
DA:126,1
DA:128,1
DA:133,1
DA:135,1
DA:142,1
DA:144,1
DA:149,1
LF:39
LH:38
BRDA:46,0,0,12
BRDA:46,0,1,7
BRDA:47,1,0,12
BRDA:47,1,1,11
BRDA:49,2,0,0
BRDA:49,2,1,12
BRDA:71,3,0,1
BRDA:71,3,1,4
BRDA:71,4,0,5
BRDA:71,4,1,2
BRDA:92,5,0,1
BRDA:92,5,1,5
BRDA:92,6,0,6
BRDA:92,6,1,6
BRDA:95,7,0,5
BRDA:95,7,1,0
BRDA:100,8,0,2
BRDA:100,8,1,4
BRDA:100,9,0,6
BRDA:100,9,1,5
BRF:20
BRH:18
end_of_record
TN:
SF:src/layers/transformer_decoder.ts
FN:53,(anonymous_9)
FN:100,(anonymous_10)
FN:111,(anonymous_11)
FN:120,(anonymous_12)
FN:121,(anonymous_13)
FN:134,(anonymous_14)
FN:135,(anonymous_15)
FN:152,(anonymous_16)
FN:216,(anonymous_17)
FNF:9
FNH:9
FNDA:12,(anonymous_9)
FNDA:14,(anonymous_10)
FNDA:12,(anonymous_11)
FNDA:11,(anonymous_12)
FNDA:11,(anonymous_13)
FNDA:11,(anonymous_14)
FNDA:11,(anonymous_15)
FNDA:11,(anonymous_16)
FNDA:1,(anonymous_17)
DA:1,2
DA:6,2
DA:34,2
DA:35,2
DA:54,12
DA:56,12
DA:57,12
DA:58,12
DA:59,12
DA:60,12
DA:62,12
DA:63,0
DA:67,12
DA:70,12
DA:75,11
DA:76,11
DA:79,11
DA:84,11
DA:89,11
DA:90,11
DA:102,14
DA:103,2
DA:106,12
DA:107,6
DA:111,12
DA:112,12
DA:113,12
DA:115,12
DA:121,11
DA:122,11
DA:124,11
DA:125,11
DA:126,11
DA:127,11
DA:129,11
DA:135,11
DA:136,11
DA:138,11
DA:139,11
DA:140,11
DA:141,11
DA:142,11
DA:144,11
DA:153,11
DA:155,11
DA:157,2
DA:158,9
DA:160,9
DA:163,11
DA:164,2
DA:168,9
DA:170,9
DA:171,2
DA:176,7
DA:177,7
DA:180,7
DA:181,7
DA:183,7
DA:184,7
DA:185,7
DA:188,7
DA:200,7
DA:202,7
DA:203,106
DA:204,106
DA:205,106
DA:206,106
DA:209,7
DA:217,1
DA:219,1
DA:228,1
DA:230,1
DA:236,2
LF:73
LH:72
BRDA:58,0,0,12
BRDA:58,0,1,11
BRDA:59,1,0,12
BRDA:59,1,1,11
BRDA:60,2,0,12
BRDA:60,2,1,11
BRDA:62,3,0,0
BRDA:62,3,1,12
BRDA:67,4,0,12
BRDA:67,4,1,11
BRDA:102,5,0,2
BRDA:102,5,1,12
BRDA:102,6,0,14
BRDA:102,6,1,8
BRDA:102,6,2,3
BRDA:106,7,0,6
BRDA:106,7,1,6
BRDA:155,8,0,2
BRDA:155,8,1,9
BRDA:155,9,0,11
BRDA:155,9,1,11
BRDA:158,10,0,9
BRDA:158,10,1,0
BRDA:163,11,0,2
BRDA:163,11,1,9
BRDA:163,12,0,11
BRDA:163,12,1,2
BRDA:170,13,0,2
BRDA:170,13,1,7
BRF:29
BRH:27
end_of_record
TN:
SF:src/layers/transformer_encoder.ts
FN:50,(anonymous_9)
FN:90,(anonymous_10)
FN:106,(anonymous_11)
FN:115,(anonymous_12)
FN:116,(anonymous_13)
FN:129,(anonymous_14)
FN:130,(anonymous_15)
FN:147,(anonymous_16)
FN:204,(anonymous_17)
FNF:9
FNH:9
FNDA:8,(anonymous_9)
FNDA:9,(anonymous_10)
FNDA:7,(anonymous_11)
FNDA:7,(anonymous_12)
FNDA:7,(anonymous_13)
FNDA:7,(anonymous_14)
FNDA:7,(anonymous_15)
FNDA:11,(anonymous_16)
FNDA:1,(anonymous_17)
DA:1,1
DA:5,1
DA:29,1
DA:30,1
DA:51,8
DA:53,8
DA:54,8
DA:55,8
DA:56,8
DA:57,8
DA:58,8
DA:59,8
DA:61,8
DA:62,0
DA:66,8
DA:70,7
DA:71,7
DA:74,7
DA:78,7
DA:82,7
DA:83,7
DA:94,9
DA:95,5
DA:96,2
DA:100,3
DA:102,4
DA:106,7
DA:107,7
DA:108,7
DA:110,7
DA:116,7
DA:117,7
DA:119,7
DA:120,7
DA:121,7
DA:122,7
DA:124,7
DA:130,7
DA:131,7
DA:133,7
DA:134,7
DA:135,7
DA:136,7
DA:137,7
DA:139,7
DA:148,11
DA:150,11
DA:152,5
DA:153,6
DA:155,6
DA:159,11
DA:160,7
DA:164,4
DA:165,4
DA:168,4
DA:169,4
DA:171,4
DA:172,4
DA:173,4
DA:176,4
DA:188,4
DA:190,4
DA:191,64
DA:192,64
DA:193,64
DA:194,64
DA:197,4
DA:205,1
DA:207,1
DA:217,1
DA:219,1
DA:224,1
LF:72
LH:71
BRDA:55,0,0,8
BRDA:55,0,1,7
BRDA:56,1,0,8
BRDA:56,1,1,7
BRDA:57,2,0,8
BRDA:57,2,1,7
BRDA:58,3,0,8
BRDA:58,3,1,7
BRDA:59,4,0,8
BRDA:59,4,1,7
BRDA:61,5,0,0
BRDA:61,5,1,8
BRDA:94,6,0,5
BRDA:94,6,1,4
BRDA:95,7,0,2
BRDA:95,7,1,3
BRDA:150,8,0,5
BRDA:150,8,1,6
BRDA:150,9,0,11
BRDA:150,9,1,11
BRDA:153,10,0,6
BRDA:153,10,1,0
BRDA:159,11,0,7
BRDA:159,11,1,4
BRDA:159,12,0,11
BRDA:159,12,1,6
BRF:26
BRH:24
end_of_record
TN:
SF:src/losses/dice.ts
FN:12,diceBinaryStandard
FN:34,diceBinaryGlobal
FN:54,diceCategoricalStandard
FN:71,diceCategoricalGeneralized
FN:94,diceCategoricalGlobal
FN:120,diceBinaryCrossentropy
FN:146,diceCategoricalCrossentropy
FNF:7
FNH:0
FNDA:0,diceBinaryStandard
FNDA:0,diceBinaryGlobal
FNDA:0,diceCategoricalStandard
FNDA:0,diceCategoricalGeneralized
FNDA:0,diceCategoricalGlobal
FNDA:0,diceBinaryCrossentropy
FNDA:0,diceCategoricalCrossentropy
DA:1,1
DA:2,1
DA:4,1
DA:6,1
DA:7,1
DA:8,1
DA:12,1
DA:14,0
DA:15,0
DA:17,0
DA:18,0
DA:20,0
DA:25,0
DA:30,1
DA:34,1
DA:35,0
DA:36,0
DA:38,0
DA:39,0
DA:41,0
DA:46,0
DA:51,1
DA:54,1
DA:55,0
DA:56,0
DA:58,0
DA:63,0
DA:68,1
DA:71,1
DA:74,0
DA:76,0
DA:78,0
DA:79,0
DA:81,0
DA:86,0
DA:91,1
DA:94,1
DA:96,0
DA:97,0
DA:99,0
DA:104,0
DA:109,1
DA:120,1
DA:122,0
DA:123,0
DA:125,0
DA:130,1
DA:146,1
DA:148,0
DA:149,0
DA:151,0
DA:156,1
LF:52
LH:20
BRF:0
BRH:0
end_of_record
TN:
SF:src/losses/index.ts
FNF:0
FNH:0
DA:1,1
LF:1
LH:1
BRF:0
BRH:0
end_of_record
TN:
SF:src/metrics/index.ts
FNF:0
FNH:0
DA:1,1
DA:2,1
DA:3,1
LF:3
LH:3
BRF:0
BRH:0
end_of_record
TN:
SF:src/metrics/perplexity.ts
FN:5,perplexity
FNF:1
FNH:1
FNDA:1,perplexity
DA:1,1
DA:2,1
DA:5,1
DA:6,1
DA:11,1
LF:5
LH:5
BRF:0
BRH:0
end_of_record
TN:
SF:src/metrics/precision.ts
FN:12,precision
FNF:1
FNH:0
FNDA:0,precision
DA:1,1
DA:12,1
DA:13,0
DA:17,1
LF:4
LH:3
BRDA:12,0,0,0
BRF:1
BRH:0
end_of_record
TN:
SF:src/metrics/recall.ts
FN:12,recall
FNF:1
FNH:0
FNDA:0,recall
DA:1,1
DA:12,1
DA:13,0
DA:17,1
LF:4
LH:3
BRDA:12,0,0,0
BRF:1
BRH:0
end_of_record
TN:
SF:src/models/gpt_model.ts
FN:82,(anonymous_9)
FN:98,(anonymous_10)
FN:108,(anonymous_11)
FN:147,(anonymous_12)
FN:152,(anonymous_13)
FN:175,(anonymous_14)
FN:185,(anonymous_15)
FN:187,(anonymous_16)
FN:195,(anonymous_17)
FN:206,(anonymous_18)
FN:212,(anonymous_19)
FNF:11
FNH:4
FNDA:1,(anonymous_9)
FNDA:0,(anonymous_10)
FNDA:0,(anonymous_11)
FNDA:0,(anonymous_12)
FNDA:0,(anonymous_13)
FNDA:1,(anonymous_14)
FNDA:1,(anonymous_15)
FNDA:3,(anonymous_16)
FNDA:0,(anonymous_17)
FNDA:0,(anonymous_18)
FNDA:0,(anonymous_19)
DA:1,1
DA:3,1
DA:6,1
DA:61,1
DA:62,1
DA:83,1
DA:85,1
DA:87,1
DA:88,1
DA:89,1
DA:90,1
DA:91,1
DA:92,1
DA:108,0
DA:109,0
DA:115,0
DA:116,0
DA:119,0
DA:122,0
DA:124,0
DA:128,0
DA:132,0
DA:134,0
DA:148,0
DA:149,0
DA:152,0
DA:154,0
DA:156,0
DA:159,0
DA:170,0
DA:176,1
DA:182,1
DA:183,1
DA:185,1
DA:187,3
DA:190,1
DA:191,0
DA:194,1
DA:195,0
DA:202,1
DA:207,0
DA:208,0
DA:213,0
DA:215,0
DA:224,0
DA:226,0
DA:232,1
LF:47
LH:22
BRDA:83,0,0,1
BRDA:92,1,0,1
BRDA:92,1,1,0
BRDA:115,2,0,0
BRDA:115,2,1,0
BRDA:124,3,0,0
BRDA:124,3,1,0
BRDA:148,4,0,0
BRDA:148,4,1,0
BRDA:159,5,0,0
BRDA:159,5,1,0
BRDA:176,6,0,1
BRDA:176,6,1,0
BRDA:178,7,0,0
BRDA:178,7,1,0
BRDA:182,8,0,1
BRDA:182,8,1,0
BRDA:190,9,0,0
BRDA:190,9,1,1
BRDA:194,10,0,0
BRDA:194,10,1,1
BRDA:194,11,0,1
BRDA:194,11,1,1
BRF:23
BRH:8
end_of_record
TN:
SF:src/models/index.ts
FN:5,(anonymous_0)
FN:6,(anonymous_1)
FN:7,(anonymous_2)
FN:10,llmModel
FN:15,gptModel
FN:20,unetModel
FNF:6
FNH:1
FNDA:0,(anonymous_0)
FNDA:1,(anonymous_1)
FNDA:0,(anonymous_2)
FNDA:0,llmModel
FNDA:0,gptModel
FNDA:0,unetModel
DA:1,1
DA:2,1
DA:3,1
DA:5,1
DA:6,2
DA:7,1
DA:10,1
DA:11,0
DA:15,1
DA:16,0
DA:20,1
DA:21,0
LF:12
LH:9
BRF:0
BRH:0
end_of_record
TN:
SF:src/models/llm_model.ts
FN:33,(anonymous_9)
FN:45,(anonymous_10)
FN:48,(anonymous_11)
FN:59,(anonymous_12)
FN:104,(anonymous_13)
FN:158,(anonymous_14)
FN:231,(anonymous_15)
FN:244,(anonymous_16)
FN:271,(anonymous_17)
FN:293,(anonymous_18)
FN:309,(anonymous_19)
FN:329,(anonymous_20)
FN:336,(anonymous_21)
FN:340,(anonymous_22)
FN:343,(anonymous_23)
FN:364,(anonymous_24)
FN:369,(anonymous_25)
FN:383,(anonymous_26)
FN:388,(anonymous_27)
FNF:19
FNH:3
FNDA:1,(anonymous_9)
FNDA:0,(anonymous_10)
FNDA:0,(anonymous_11)
FNDA:0,(anonymous_12)
FNDA:0,(anonymous_13)
FNDA:0,(anonymous_14)
FNDA:0,(anonymous_15)
FNDA:0,(anonymous_16)
FNDA:1,(anonymous_17)
FNDA:1,(anonymous_18)
FNDA:0,(anonymous_19)
FNDA:0,(anonymous_20)
FNDA:0,(anonymous_21)
FNDA:0,(anonymous_22)
FNDA:0,(anonymous_23)
FNDA:0,(anonymous_24)
FNDA:0,(anonymous_25)
FNDA:0,(anonymous_26)
FNDA:0,(anonymous_27)
DA:1,1
DA:2,1
DA:4,1
DA:6,1
DA:7,1
DA:28,1
DA:29,1
DA:31,1
DA:34,1
DA:35,1
DA:46,0
DA:48,0
DA:60,0
DA:62,0
DA:63,0
DA:66,0
DA:67,0
DA:68,0
DA:75,0
DA:78,0
DA:82,0
DA:83,0
DA:85,0
DA:87,0
DA:88,0
DA:91,0
DA:105,0
DA:107,0
DA:108,0
DA:110,0
DA:111,0
DA:112,0
DA:121,0
DA:123,0
DA:125,0
DA:127,0
DA:128,0
DA:130,0
DA:131,0
DA:132,0
DA:135,0
DA:136,0
DA:138,0
DA:139,0
DA:141,0
DA:142,0
DA:143,0
DA:145,0
DA:146,0
DA:150,0
DA:152,0
DA:153,0
DA:156,0
DA:158,0
DA:159,0
DA:164,0
DA:166,0
DA:167,0
DA:170,0
DA:171,0
DA:173,0
DA:175,0
DA:176,0
DA:179,0
DA:182,0
DA:183,0
DA:184,0
DA:186,0
DA:187,0
DA:190,0
DA:193,0
DA:195,0
DA:196,0
DA:199,0
DA:200,0
DA:203,0
DA:204,0
DA:207,0
DA:209,0
DA:210,0
DA:214,0
DA:215,0
DA:217,0
DA:244,0
DA:246,0
DA:252,0
DA:254,0
DA:258,0
DA:262,0
DA:264,0
DA:272,1
DA:273,0
DA:277,1
DA:279,1
DA:280,0
DA:281,0
DA:283,0
DA:286,0
DA:289,1
DA:290,0
DA:293,1
DA:294,1
DA:296,1
DA:299,0
DA:304,1
DA:310,0
DA:312,0
DA:330,0
DA:331,0
DA:334,0
DA:336,0
DA:338,0
DA:340,0
DA:343,0
DA:344,0
DA:346,0
DA:348,0
DA:349,0
DA:352,0
DA:365,0
DA:366,0
DA:369,0
DA:371,0
DA:373,0
DA:376,0
DA:378,0
DA:384,0
DA:389,0
DA:395,1
LF:129
LH:19
BRDA:34,0,0,1
BRDA:34,0,1,0
BRDA:62,1,0,0
BRDA:62,1,1,0
BRDA:66,2,0,0
BRDA:66,2,1,0
BRDA:67,3,0,0
BRDA:67,3,1,0
BRDA:78,4,0,0
BRDA:78,4,1,0
BRDA:78,4,2,0
BRDA:82,5,0,0
BRDA:82,5,1,0
BRDA:87,6,0,0
BRDA:87,6,1,0
BRDA:121,7,0,0
BRDA:121,7,1,0
BRDA:145,8,0,0
BRDA:145,8,1,0
BRDA:152,9,0,0
BRDA:152,9,1,0
BRDA:152,10,0,0
BRDA:152,10,1,0
BRDA:167,11,0,0
BRDA:167,11,1,0
BRDA:176,12,0,0
BRDA:176,12,1,0
BRDA:186,13,0,0
BRDA:186,13,1,0
BRDA:195,14,0,0
BRDA:195,14,1,0
BRDA:209,15,0,0
BRDA:209,15,1,0
BRDA:254,16,0,0
BRDA:254,16,1,0
BRDA:272,17,0,0
BRDA:272,17,1,1
BRDA:277,18,0,1
BRDA:277,18,1,0
BRDA:279,19,0,0
BRDA:279,19,1,1
BRDA:279,20,0,1
BRDA:279,20,1,1
BRDA:281,21,0,0
BRDA:281,21,1,0
BRDA:283,22,0,0
BRDA:283,22,1,0
BRDA:289,23,0,0
BRDA:289,23,1,1
BRDA:294,24,0,1
BRDA:294,24,1,0
BRDA:296,25,0,1
BRDA:296,25,1,0
BRDA:310,26,0,0
BRDA:310,26,1,0
BRDA:330,27,0,0
BRDA:330,27,1,0
BRDA:338,28,0,0
BRDA:338,28,1,0
BRDA:365,29,0,0
BRDA:365,29,1,0
BRF:61
BRH:9
end_of_record
TN:
SF:src/models/u_net.ts
FN:42,(anonymous_9)
FN:64,(anonymous_10)
FN:71,createUNet
FN:91,(anonymous_12)
FN:118,loadUNetModel
FN:141,contractionBlock
FN:223,expansionBlock
FNF:7
FNH:0
FNDA:0,(anonymous_9)
FNDA:0,(anonymous_10)
FNDA:0,createUNet
FNDA:0,(anonymous_12)
FNDA:0,loadUNetModel
FNDA:0,contractionBlock
FNDA:0,expansionBlock
DA:1,1
DA:40,1
DA:52,0
DA:54,0
DA:56,0
DA:65,0
DA:66,0
DA:71,1
DA:72,0
DA:73,0
DA:76,0
DA:77,0
DA:79,0
DA:81,0
DA:84,0
DA:86,0
DA:88,0
DA:91,0
DA:93,0
DA:94,0
DA:96,0
DA:97,0
DA:100,0
DA:102,0
DA:103,0
DA:106,0
DA:114,0
DA:118,1
DA:119,0
DA:120,0
DA:121,0
DA:122,0
DA:124,0
DA:143,0
DA:151,0
DA:153,0
DA:161,0
DA:163,0
DA:165,0
DA:166,0
DA:169,0
DA:171,0
DA:173,0
DA:174,0
DA:177,0
DA:178,0
DA:180,0
DA:183,0
DA:193,0
DA:194,0
DA:199,0
DA:205,0
DA:207,0
DA:225,0
DA:234,0
DA:236,0
DA:237,0
DA:239,0
LF:58
LH:4
BRDA:46,0,0,0
BRDA:46,1,0,0
BRDA:46,1,1,0
BRDA:48,2,0,0
BRDA:49,3,0,0
BRDA:50,4,0,0
BRDA:54,5,0,0
BRDA:54,5,1,0
BRDA:71,6,0,0
BRDA:71,7,0,0
BRDA:71,8,0,0
BRDA:72,9,0,0
BRDA:72,9,1,0
BRDA:79,10,0,0
BRDA:79,10,1,0
BRDA:79,11,0,0
BRDA:79,11,1,0
BRDA:79,11,2,0
BRDA:79,11,3,0
BRDA:110,12,0,0
BRDA:110,12,1,0
BRDA:110,13,0,0
BRDA:110,13,1,0
BRDA:165,14,0,0
BRDA:165,14,1,0
BRDA:173,15,0,0
BRDA:173,15,1,0
BRDA:177,16,0,0
BRDA:177,16,1,0
BRDA:180,17,0,0
BRDA:180,17,1,0
BRDA:193,18,0,0
BRDA:193,18,1,0
BRF:33
BRH:0
end_of_record
