TN:
SF:src/kv_cache.ts
FN:13,kvCacheContainer
FN:18,kvCache
FN:31,(anonymous_11)
FN:40,(anonymous_12)
FN:53,(anonymous_13)
FN:65,(anonymous_14)
FN:81,(anonymous_15)
FN:82,(anonymous_16)
FN:88,(anonymous_17)
FN:89,(anonymous_18)
FN:95,(anonymous_19)
FN:101,(anonymous_20)
FN:120,(anonymous_21)
FN:136,(anonymous_22)
FN:168,(anonymous_23)
FN:171,(anonymous_24)
FN:189,(anonymous_25)
FN:192,(anonymous_26)
FN:202,(anonymous_27)
FN:211,(anonymous_28)
FNF:20
FNH:10
FNDA:0,kvCacheContainer
FNDA:0,kvCache
FNDA:5,(anonymous_11)
FNDA:10,(anonymous_12)
FNDA:67,(anonymous_13)
FNDA:56,(anonymous_14)
FNDA:0,(anonymous_15)
FNDA:0,(anonymous_16)
FNDA:0,(anonymous_17)
FNDA:0,(anonymous_18)
FNDA:8,(anonymous_19)
FNDA:0,(anonymous_20)
FNDA:10,(anonymous_21)
FNDA:57,(anonymous_22)
FNDA:112,(anonymous_23)
FNDA:112,(anonymous_24)
FNDA:0,(anonymous_25)
FNDA:0,(anonymous_26)
FNDA:0,(anonymous_27)
FNDA:120,(anonymous_28)
DA:1,1
DA:13,1
DA:14,0
DA:18,1
DA:19,0
DA:26,1
DA:27,5
DA:32,5
DA:33,0
DA:36,5
DA:41,10
DA:46,10
DA:54,67
DA:56,67
DA:57,10
DA:60,57
DA:65,56
DA:66,56
DA:69,56
DA:73,56
DA:82,0
DA:83,0
DA:89,0
DA:90,0
DA:97,8
DA:102,0
DA:107,1
DA:113,10
DA:121,10
DA:123,10
DA:124,10
DA:126,10
DA:127,10
DA:128,10
DA:129,10
DA:137,57
DA:138,57
DA:140,57
DA:141,0
DA:145,57
DA:146,1
DA:149,56
DA:150,56
DA:152,56
DA:153,56
DA:155,56
DA:156,56
DA:159,56
DA:161,56
DA:169,112
DA:171,112
DA:173,112
DA:177,112
DA:184,112
DA:190,0
DA:192,0
DA:193,0
DA:194,0
DA:196,0
DA:197,0
DA:203,0
DA:204,0
DA:212,120
LF:63
LH:46
BRDA:32,0,0,0
BRDA:32,0,1,5
BRDA:56,1,0,10
BRDA:56,1,1,57
BRDA:97,2,0,8
BRDA:97,2,1,0
BRDA:120,3,0,10
BRDA:140,4,0,0
BRDA:140,4,1,57
BRDA:145,5,0,1
BRDA:145,5,1,56
BRF:11
BRH:8
end_of_record
TN:
SF:src/masks.ts
FN:9,causal
FN:27,packing
FN:30,(anonymous_11)
FNF:3
FNH:3
FNDA:26,causal
FNDA:2,packing
FNDA:2,(anonymous_11)
DA:1,5
DA:9,5
DA:10,26
DA:27,5
DA:30,2
DA:32,2
DA:34,2
LF:7
LH:7
BRF:0
BRH:0
end_of_record
TN:
SF:src/utils.ts
FN:12,getScaleShape
FN:37,getRandomCropStart
FN:68,getPaddingForSegmentation
FNF:3
FNH:2
FNDA:9,getScaleShape
FNDA:202,getRandomCropStart
FNDA:0,getPaddingForSegmentation
DA:12,1
DA:13,9
DA:14,9
DA:25,9
DA:26,9
DA:37,1
DA:41,202
DA:42,202
DA:44,202
DA:45,1
DA:51,201
DA:68,1
DA:69,0
DA:71,0
DA:73,0
LF:15
LH:12
BRDA:44,0,0,1
BRDA:44,0,1,201
BRDA:44,1,0,202
BRDA:44,1,1,201
BRF:4
BRH:4
end_of_record
TN:
SF:src/layers/cached_rope_multihead_attention.ts
FN:21,(anonymous_9)
FN:27,(anonymous_10)
FN:35,(anonymous_11)
FN:72,(anonymous_12)
FN:96,(anonymous_13)
FN:100,(anonymous_14)
FNF:6
FNH:6
FNDA:39,(anonymous_9)
FNDA:89,(anonymous_10)
FNDA:89,(anonymous_11)
FNDA:57,(anonymous_12)
FNDA:89,(anonymous_13)
FNDA:89,(anonymous_14)
DA:1,3
DA:3,3
DA:4,3
DA:16,3
DA:17,3
DA:22,39
DA:23,37
DA:35,89
DA:36,89
DA:39,89
DA:41,89
DA:43,89
DA:44,89
DA:45,89
DA:47,89
DA:49,57
DA:52,56
DA:53,56
DA:57,88
DA:63,87
DA:67,87
DA:73,57
DA:74,57
DA:76,56
DA:77,10
DA:83,10
DA:86,56
DA:88,1
DA:97,89
DA:98,89
DA:100,89
DA:101,89
DA:113,3
LF:33
LH:33
BRDA:47,0,0,57
BRDA:47,0,1,32
BRDA:47,1,0,89
BRDA:47,1,1,89
BRDA:59,2,0,88
BRDA:59,2,1,88
BRDA:76,3,0,10
BRDA:76,3,1,46
BRF:8
BRH:8
end_of_record
TN:
SF:src/layers/multihead_attention.ts
FN:67,(anonymous_9)
FN:99,(anonymous_10)
FN:137,(anonymous_11)
FN:149,(anonymous_12)
FN:174,(anonymous_13)
FN:178,(anonymous_14)
FN:188,(anonymous_15)
FN:195,(anonymous_16)
FN:216,(anonymous_17)
FN:227,(anonymous_18)
FN:230,(anonymous_19)
FN:300,(anonymous_20)
FN:347,(anonymous_21)
FN:352,(anonymous_22)
FNF:14
FNH:14
FNDA:47,(anonymous_9)
FNDA:108,(anonymous_10)
FNDA:7,(anonymous_11)
FNDA:7,(anonymous_12)
FNDA:96,(anonymous_13)
FNDA:96,(anonymous_14)
FNDA:7,(anonymous_15)
FNDA:7,(anonymous_16)
FNDA:99,(anonymous_17)
FNDA:99,(anonymous_18)
FNDA:391,(anonymous_19)
FNDA:34,(anonymous_20)
FNDA:6,(anonymous_21)
FNDA:11,(anonymous_22)
DA:1,4
DA:4,4
DA:51,4
DA:52,4
DA:68,47
DA:70,47
DA:71,3
DA:74,44
DA:75,44
DA:76,44
DA:77,44
DA:78,44
DA:80,44
DA:81,0
DA:86,44
DA:87,44
DA:88,44
DA:89,44
DA:107,108
DA:108,89
DA:112,108
DA:113,1
DA:116,107
DA:117,120
DA:118,11
DA:122,96
DA:123,96
DA:124,96
DA:126,96
DA:149,7
DA:150,7
DA:153,7
DA:157,7
DA:160,7
DA:166,7
DA:169,7
DA:178,96
DA:179,96
DA:192,7
DA:193,7
DA:195,7
DA:196,7
DA:227,99
DA:228,99
DA:230,99
DA:231,391
DA:232,1
DA:241,98
DA:245,98
DA:247,98
DA:248,25
DA:249,2
DA:254,23
DA:255,0
DA:257,23
DA:261,96
DA:262,1
DA:265,0
DA:269,1
DA:279,96
DA:284,96
DA:287,1
DA:290,96
DA:292,96
DA:293,96
DA:295,96
DA:301,34
DA:303,34
DA:304,3
DA:306,31
DA:309,34
DA:310,1
DA:314,33
DA:315,33
DA:316,33
DA:317,33
DA:322,33
DA:331,33
DA:333,33
DA:334,260
DA:335,260
DA:336,260
DA:337,260
DA:340,33
DA:348,6
DA:353,11
DA:355,11
DA:364,11
DA:366,11
DA:371,4
LF:90
LH:87
BRDA:67,0,0,18
BRDA:67,1,0,18
BRDA:67,2,0,9
BRDA:70,3,0,3
BRDA:70,3,1,44
BRDA:80,4,0,0
BRDA:80,4,1,44
BRDA:107,5,0,89
BRDA:107,5,1,19
BRDA:112,6,0,1
BRDA:112,6,1,107
BRDA:112,7,0,108
BRDA:112,7,1,13
BRDA:117,8,0,11
BRDA:117,8,1,109
BRDA:123,9,0,96
BRDA:123,9,1,96
BRDA:124,10,0,96
BRDA:124,10,1,96
BRDA:126,11,0,5
BRDA:126,11,1,91
BRDA:162,12,0,7
BRDA:162,12,1,7
BRDA:225,13,0,2
BRDA:228,14,0,99
BRDA:231,15,0,1
BRDA:231,15,1,390
BRDA:247,16,0,25
BRDA:247,16,1,73
BRDA:247,17,0,98
BRDA:247,17,1,82
BRDA:248,18,0,2
BRDA:248,18,1,23
BRDA:248,19,0,25
BRDA:248,19,1,2
BRDA:254,20,0,0
BRDA:254,20,1,23
BRDA:261,21,0,1
BRDA:261,21,1,95
BRDA:262,22,0,0
BRDA:262,22,1,1
BRDA:281,23,0,96
BRDA:281,23,1,96
BRDA:284,24,0,1
BRDA:284,24,1,95
BRDA:292,25,0,0
BRDA:292,25,1,96
BRDA:303,26,0,3
BRDA:303,26,1,31
BRDA:303,27,0,34
BRDA:303,27,1,34
BRDA:309,28,0,1
BRDA:309,28,1,33
BRDA:309,29,0,34
BRDA:309,29,1,34
BRDA:348,30,0,0
BRDA:348,30,1,6
BRDA:348,31,0,6
BRDA:348,31,1,6
BRF:59
BRH:54
end_of_record
TN:
SF:src/layers/positional_encoding.ts
FN:31,(anonymous_9)
FN:57,(anonymous_10)
FN:75,(anonymous_11)
FN:87,(anonymous_12)
FN:88,(anonymous_13)
FN:138,(anonymous_14)
FN:143,(anonymous_15)
FNF:7
FNH:7
FNDA:19,(anonymous_9)
FNDA:9,(anonymous_10)
FNDA:4,(anonymous_11)
FNDA:8,(anonymous_12)
FNDA:8,(anonymous_13)
FNDA:2,(anonymous_14)
FNDA:1,(anonymous_15)
DA:1,2
DA:24,2
DA:25,2
DA:32,19
DA:34,19
DA:35,19
DA:37,19
DA:38,3
DA:42,16
DA:43,2
DA:48,14
DA:59,9
DA:60,9
DA:62,9
DA:63,3
DA:67,6
DA:69,2
DA:75,4
DA:76,4
DA:88,8
DA:89,8
DA:93,8
DA:103,8
DA:105,8
DA:107,8
DA:108,8
DA:114,8
DA:115,8
DA:116,8
DA:117,8
DA:119,8
DA:120,102
DA:122,102
DA:126,102
DA:131,8
DA:134,8
DA:139,2
DA:144,1
DA:146,1
DA:151,1
DA:153,1
DA:158,2
LF:42
LH:42
BRDA:34,0,0,19
BRDA:34,0,1,2
BRDA:37,1,0,3
BRDA:37,1,1,16
BRDA:42,2,0,2
BRDA:42,2,1,14
BRDA:59,3,0,1
BRDA:59,3,1,8
BRDA:62,4,0,3
BRDA:62,4,1,6
BRDA:62,5,0,9
BRDA:62,5,1,6
BRDA:67,6,0,2
BRDA:67,6,1,4
BRDA:122,7,0,102
BRDA:122,7,1,0
BRF:16
BRH:15
end_of_record
TN:
SF:src/layers/rotary_position_embedding.ts
FN:5,applyRope
FN:6,(anonymous_10)
FN:21,rotateHalf
FN:22,(anonymous_12)
FN:40,createRoPECache
FN:41,(anonymous_14)
FN:95,(anonymous_15)
FN:116,(anonymous_16)
FN:134,(anonymous_17)
FN:156,(anonymous_18)
FNF:10
FNH:10
FNDA:181,applyRope
FNDA:181,(anonymous_10)
FNDA:181,rotateHalf
FNDA:181,(anonymous_12)
FNDA:35,createRoPECache
FNDA:35,(anonymous_14)
FNDA:42,(anonymous_15)
FNDA:181,(anonymous_16)
FNDA:35,(anonymous_17)
FNDA:2,(anonymous_18)
DA:1,4
DA:5,4
DA:6,181
DA:7,181
DA:10,181
DA:11,181
DA:14,181
DA:16,181
DA:21,4
DA:22,181
DA:27,181
DA:29,181
DA:30,181
DA:33,181
DA:35,181
DA:40,4
DA:41,35
DA:43,35
DA:48,35
DA:50,35
DA:53,35
DA:56,35
DA:84,4
DA:85,4
DA:96,42
DA:98,42
DA:99,1
DA:102,41
DA:103,41
DA:104,41
DA:106,41
DA:110,41
DA:117,181
DA:118,181
DA:120,181
DA:122,2
DA:123,2
DA:126,181
DA:135,35
DA:138,35
DA:139,35
DA:141,35
DA:142,35
DA:144,35
DA:149,35
DA:157,2
DA:163,4
LF:47
LH:47
BRDA:40,0,0,0
BRDA:95,1,0,37
BRDA:95,2,0,41
BRDA:98,3,0,1
BRDA:98,3,1,41
BRDA:117,4,0,1
BRDA:117,4,1,180
BRDA:120,5,0,2
BRDA:120,5,1,179
BRDA:127,6,0,1
BRDA:127,6,1,180
BRDA:157,7,0,1
BRDA:157,7,1,1
BRF:13
BRH:12
end_of_record
TN:
SF:src/layers/token_and_positional_embedding.ts
FN:41,(anonymous_9)
FN:70,(anonymous_10)
FN:76,(anonymous_11)
FN:88,(anonymous_12)
FN:124,(anonymous_13)
FN:132,(anonymous_14)
FNF:6
FNH:6
FNDA:12,(anonymous_9)
FNDA:5,(anonymous_10)
FNDA:4,(anonymous_11)
FNDA:6,(anonymous_12)
FNDA:1,(anonymous_13)
FNDA:1,(anonymous_14)
DA:1,1
DA:5,1
DA:27,1
DA:28,1
DA:42,12
DA:44,12
DA:45,12
DA:46,12
DA:47,12
DA:49,12
DA:50,0
DA:53,12
DA:58,10
DA:63,9
DA:71,5
DA:72,1
DA:76,4
DA:77,4
DA:78,2
DA:80,2
DA:89,6
DA:92,6
DA:94,1
DA:95,5
DA:97,5
DA:100,6
DA:101,2
DA:107,4
DA:108,4
DA:111,4
DA:116,4
DA:125,1
DA:126,1
DA:128,1
DA:133,1
DA:135,1
DA:142,1
DA:144,1
DA:149,1
LF:39
LH:38
BRDA:46,0,0,12
BRDA:46,0,1,7
BRDA:47,1,0,12
BRDA:47,1,1,11
BRDA:49,2,0,0
BRDA:49,2,1,12
BRDA:71,3,0,1
BRDA:71,3,1,4
BRDA:71,4,0,5
BRDA:71,4,1,2
BRDA:92,5,0,1
BRDA:92,5,1,5
BRDA:92,6,0,6
BRDA:92,6,1,6
BRDA:95,7,0,5
BRDA:95,7,1,0
BRDA:100,8,0,2
BRDA:100,8,1,4
BRDA:100,9,0,6
BRDA:100,9,1,5
BRF:20
BRH:18
end_of_record
TN:
SF:src/layers/transformer_decoder.ts
FN:53,(anonymous_9)
FN:100,(anonymous_10)
FN:111,(anonymous_11)
FN:120,(anonymous_12)
FN:121,(anonymous_13)
FN:134,(anonymous_14)
FN:135,(anonymous_15)
FN:152,(anonymous_16)
FN:216,(anonymous_17)
FNF:9
FNH:9
FNDA:11,(anonymous_9)
FNDA:13,(anonymous_10)
FNDA:11,(anonymous_11)
FNDA:11,(anonymous_12)
FNDA:11,(anonymous_13)
FNDA:11,(anonymous_14)
FNDA:11,(anonymous_15)
FNDA:10,(anonymous_16)
FNDA:1,(anonymous_17)
DA:1,1
DA:6,1
DA:34,1
DA:35,1
DA:54,11
DA:56,11
DA:57,11
DA:58,11
DA:59,11
DA:60,11
DA:62,11
DA:63,0
DA:67,11
DA:70,11
DA:75,10
DA:76,10
DA:79,10
DA:84,10
DA:89,10
DA:90,10
DA:102,13
DA:103,2
DA:106,11
DA:107,5
DA:111,11
DA:112,11
DA:113,11
DA:115,11
DA:121,11
DA:122,11
DA:124,11
DA:125,11
DA:126,11
DA:127,11
DA:129,11
DA:135,11
DA:136,11
DA:138,11
DA:139,11
DA:140,11
DA:141,11
DA:142,11
DA:144,11
DA:153,10
DA:155,10
DA:157,2
DA:158,8
DA:160,8
DA:163,10
DA:164,2
DA:168,8
DA:170,8
DA:171,2
DA:176,6
DA:177,6
DA:180,6
DA:181,6
DA:183,6
DA:184,6
DA:185,6
DA:188,6
DA:200,6
DA:202,6
DA:203,90
DA:204,90
DA:205,90
DA:206,90
DA:209,6
DA:217,1
DA:219,1
DA:228,1
DA:230,1
DA:236,1
LF:73
LH:72
BRDA:58,0,0,11
BRDA:58,0,1,10
BRDA:59,1,0,11
BRDA:59,1,1,10
BRDA:60,2,0,11
BRDA:60,2,1,10
BRDA:62,3,0,0
BRDA:62,3,1,11
BRDA:67,4,0,11
BRDA:67,4,1,10
BRDA:102,5,0,2
BRDA:102,5,1,11
BRDA:102,6,0,13
BRDA:102,6,1,7
BRDA:102,6,2,3
BRDA:106,7,0,5
BRDA:106,7,1,6
BRDA:155,8,0,2
BRDA:155,8,1,8
BRDA:155,9,0,10
BRDA:155,9,1,10
BRDA:158,10,0,8
BRDA:158,10,1,0
BRDA:163,11,0,2
BRDA:163,11,1,8
BRDA:163,12,0,10
BRDA:163,12,1,2
BRDA:170,13,0,2
BRDA:170,13,1,6
BRF:29
BRH:27
end_of_record
TN:
SF:src/layers/transformer_encoder.ts
FN:50,(anonymous_9)
FN:90,(anonymous_10)
FN:106,(anonymous_11)
FN:115,(anonymous_12)
FN:116,(anonymous_13)
FN:129,(anonymous_14)
FN:130,(anonymous_15)
FN:147,(anonymous_16)
FN:204,(anonymous_17)
FNF:9
FNH:9
FNDA:8,(anonymous_9)
FNDA:9,(anonymous_10)
FNDA:7,(anonymous_11)
FNDA:7,(anonymous_12)
FNDA:7,(anonymous_13)
FNDA:7,(anonymous_14)
FNDA:7,(anonymous_15)
FNDA:11,(anonymous_16)
FNDA:1,(anonymous_17)
DA:1,1
DA:5,1
DA:29,1
DA:30,1
DA:51,8
DA:53,8
DA:54,8
DA:55,8
DA:56,8
DA:57,8
DA:58,8
DA:59,8
DA:61,8
DA:62,0
DA:66,8
DA:70,7
DA:71,7
DA:74,7
DA:78,7
DA:82,7
DA:83,7
DA:94,9
DA:95,5
DA:96,2
DA:100,3
DA:102,4
DA:106,7
DA:107,7
DA:108,7
DA:110,7
DA:116,7
DA:117,7
DA:119,7
DA:120,7
DA:121,7
DA:122,7
DA:124,7
DA:130,7
DA:131,7
DA:133,7
DA:134,7
DA:135,7
DA:136,7
DA:137,7
DA:139,7
DA:148,11
DA:150,11
DA:152,5
DA:153,6
DA:155,6
DA:159,11
DA:160,7
DA:164,4
DA:165,4
DA:168,4
DA:169,4
DA:171,4
DA:172,4
DA:173,4
DA:176,4
DA:188,4
DA:190,4
DA:191,64
DA:192,64
DA:193,64
DA:194,64
DA:197,4
DA:205,1
DA:207,1
DA:217,1
DA:219,1
DA:224,1
LF:72
LH:71
BRDA:55,0,0,8
BRDA:55,0,1,7
BRDA:56,1,0,8
BRDA:56,1,1,7
BRDA:57,2,0,8
BRDA:57,2,1,7
BRDA:58,3,0,8
BRDA:58,3,1,7
BRDA:59,4,0,8
BRDA:59,4,1,7
BRDA:61,5,0,0
BRDA:61,5,1,8
BRDA:94,6,0,5
BRDA:94,6,1,4
BRDA:95,7,0,2
BRDA:95,7,1,3
BRDA:150,8,0,5
BRDA:150,8,1,6
BRDA:150,9,0,11
BRDA:150,9,1,11
BRDA:153,10,0,6
BRDA:153,10,1,0
BRDA:159,11,0,7
BRDA:159,11,1,4
BRDA:159,12,0,11
BRDA:159,12,1,6
BRF:26
BRH:24
end_of_record
